TN:
SF:src/App.tsx
FN:8,(anonymous_0)
FN:9,(anonymous_1)
FN:10,(anonymous_2)
FN:11,(anonymous_3)
FN:14,(anonymous_4)
FN:15,(anonymous_5)
FN:16,(anonymous_6)
FN:17,(anonymous_7)
FN:18,(anonymous_8)
FN:19,(anonymous_9)
FN:20,(anonymous_10)
FN:21,(anonymous_11)
FN:22,(anonymous_12)
FN:23,(anonymous_13)
FN:24,(anonymous_14)
FN:25,(anonymous_15)
FN:26,(anonymous_16)
FN:27,(anonymous_17)
FN:28,(anonymous_18)
FN:29,(anonymous_19)
FN:32,(anonymous_20)
FN:33,(anonymous_21)
FN:34,(anonymous_22)
FN:35,(anonymous_23)
FN:36,(anonymous_24)
FN:37,(anonymous_25)
FN:38,(anonymous_26)
FN:39,(anonymous_27)
FN:42,(anonymous_28)
FN:43,(anonymous_29)
FN:44,(anonymous_30)
FN:45,(anonymous_31)
FN:46,(anonymous_32)
FN:47,(anonymous_33)
FN:48,(anonymous_34)
FN:49,(anonymous_35)
FN:50,(anonymous_36)
FN:51,(anonymous_37)
FN:52,(anonymous_38)
FN:53,(anonymous_39)
FN:56,(anonymous_40)
FN:57,(anonymous_41)
FN:58,(anonymous_42)
FN:59,(anonymous_43)
FN:60,(anonymous_44)
FN:61,(anonymous_45)
FN:62,(anonymous_46)
FN:63,(anonymous_47)
FN:64,(anonymous_48)
FN:65,(anonymous_49)
FN:67,App
FNF:51
FNH:1
FNDA:0,(anonymous_0)
FNDA:0,(anonymous_1)
FNDA:0,(anonymous_2)
FNDA:0,(anonymous_3)
FNDA:0,(anonymous_4)
FNDA:0,(anonymous_5)
FNDA:0,(anonymous_6)
FNDA:0,(anonymous_7)
FNDA:0,(anonymous_8)
FNDA:0,(anonymous_9)
FNDA:0,(anonymous_10)
FNDA:0,(anonymous_11)
FNDA:0,(anonymous_12)
FNDA:0,(anonymous_13)
FNDA:0,(anonymous_14)
FNDA:0,(anonymous_15)
FNDA:0,(anonymous_16)
FNDA:0,(anonymous_17)
FNDA:0,(anonymous_18)
FNDA:0,(anonymous_19)
FNDA:0,(anonymous_20)
FNDA:0,(anonymous_21)
FNDA:0,(anonymous_22)
FNDA:0,(anonymous_23)
FNDA:0,(anonymous_24)
FNDA:0,(anonymous_25)
FNDA:0,(anonymous_26)
FNDA:0,(anonymous_27)
FNDA:0,(anonymous_28)
FNDA:0,(anonymous_29)
FNDA:0,(anonymous_30)
FNDA:0,(anonymous_31)
FNDA:0,(anonymous_32)
FNDA:0,(anonymous_33)
FNDA:0,(anonymous_34)
FNDA:0,(anonymous_35)
FNDA:0,(anonymous_36)
FNDA:0,(anonymous_37)
FNDA:0,(anonymous_38)
FNDA:0,(anonymous_39)
FNDA:0,(anonymous_40)
FNDA:0,(anonymous_41)
FNDA:0,(anonymous_42)
FNDA:0,(anonymous_43)
FNDA:0,(anonymous_44)
FNDA:0,(anonymous_45)
FNDA:0,(anonymous_46)
FNDA:0,(anonymous_47)
FNDA:0,(anonymous_48)
FNDA:0,(anonymous_49)
FNDA:4,App
DA:8,1
DA:9,1
DA:10,1
DA:11,1
DA:14,1
DA:15,1
DA:16,1
DA:17,1
DA:18,1
DA:19,1
DA:20,1
DA:21,1
DA:22,1
DA:23,1
DA:24,1
DA:25,1
DA:26,1
DA:27,1
DA:28,1
DA:29,1
DA:32,1
DA:33,1
DA:34,1
DA:35,1
DA:36,1
DA:37,1
DA:38,1
DA:39,1
DA:42,1
DA:43,1
DA:44,1
DA:45,1
DA:46,1
DA:47,1
DA:48,1
DA:49,1
DA:50,1
DA:51,1
DA:52,1
DA:53,1
DA:56,1
DA:57,1
DA:58,1
DA:59,1
DA:60,1
DA:61,1
DA:62,1
DA:63,1
DA:64,1
DA:65,1
DA:68,4
LF:51
LH:51
BRF:0
BRH:0
end_of_record
TN:
SF:src/core/agencyMandataireOptions.ts
FN:1209,(anonymous_0)
FN:1212,(anonymous_1)
FNF:2
FNH:2
FNDA:3564,(anonymous_0)
FNDA:3564,(anonymous_1)
DA:6,3
DA:1197,3
DA:1209,3564
DA:1212,3564
LF:4
LH:4
BRF:0
BRH:0
end_of_record
TN:
SF:src/core/api.ts
FN:14,ensureFreshToken
FN:29,(anonymous_1)
FN:33,(anonymous_2)
FN:34,(anonymous_3)
FN:41,(anonymous_4)
FN:80,(anonymous_5)
FN:81,(anonymous_6)
FNF:7
FNH:4
FNDA:2,ensureFreshToken
FNDA:0,(anonymous_1)
FNDA:0,(anonymous_2)
FNDA:0,(anonymous_3)
FNDA:5,(anonymous_4)
FNDA:1,(anonymous_5)
FNDA:2,(anonymous_6)
DA:5,2
DA:11,2
DA:12,2
DA:15,2
DA:16,2
DA:17,2
DA:18,2
DA:19,1
DA:22,1
DA:23,1
DA:24,1
DA:27,0
DA:28,0
DA:30,0
DA:31,0
DA:33,0
DA:35,0
DA:38,0
DA:41,2
DA:42,5
DA:43,5
DA:45,5
DA:46,2
DA:50,3
DA:52,5
DA:58,5
DA:59,1
DA:62,2
DA:67,2
DA:68,2
DA:69,1
DA:70,1
DA:71,1
DA:73,1
DA:76,1
DA:77,1
DA:80,2
DA:81,1
DA:83,2
DA:84,1
DA:85,1
DA:86,1
DA:87,1
DA:90,2
LF:44
LH:37
BRDA:17,0,0,2
BRDA:17,0,1,0
BRDA:18,1,0,1
BRDA:18,1,1,1
BRDA:18,2,0,2
BRDA:18,2,1,2
BRDA:23,3,0,1
BRDA:23,3,1,0
BRDA:27,4,0,0
BRDA:27,4,1,0
BRDA:45,5,0,2
BRDA:45,5,1,3
BRDA:45,6,0,5
BRDA:45,6,1,4
BRDA:50,7,0,3
BRDA:50,7,1,0
BRDA:52,8,0,5
BRDA:52,8,1,2
BRDA:52,8,2,2
BRDA:52,8,3,2
BRDA:52,8,4,2
BRDA:58,9,0,1
BRDA:58,9,1,4
BRDA:68,10,0,1
BRDA:68,10,1,1
BRDA:68,11,0,2
BRDA:68,11,1,2
BRDA:70,12,0,1
BRDA:70,12,1,0
BRDA:83,13,0,1
BRDA:83,13,1,1
BRDA:86,14,0,1
BRDA:86,14,1,0
BRF:33
BRH:26
end_of_record
TN:
SF:src/core/apiUrl.ts
FN:12,splitUrlParts
FN:23,trimSlashes
FN:27,shouldUseLocalBackendProxy
FN:42,formatLocalBackendHost
FN:46,joinApiPaths
FN:70,resolveBackendApiUrl
FNF:6
FNH:6
FNDA:3,splitUrlParts
FNDA:6,trimSlashes
FNDA:3,shouldUseLocalBackendProxy
FNDA:3,formatLocalBackendHost
FNDA:3,joinApiPaths
FNDA:28,resolveBackendApiUrl
DA:13,3
DA:14,2
DA:15,2
DA:20,1
DA:24,6
DA:28,3
DA:30,3
DA:33,3
DA:43,3
DA:47,3
DA:48,3
DA:50,3
DA:51,3
DA:53,3
DA:54,3
DA:55,3
DA:56,3
DA:58,3
DA:59,3
DA:60,3
DA:61,3
DA:62,1
DA:63,1
DA:67,3
DA:71,28
DA:73,28
DA:74,3
DA:75,3
DA:78,3
DA:81,25
DA:83,28
DA:84,28
DA:85,28
DA:86,28
DA:88,28
LF:35
LH:35
BRDA:13,0,0,2
BRDA:13,0,1,1
BRDA:30,1,0,3
BRDA:30,1,1,0
BRDA:30,1,2,0
BRDA:34,2,0,3
BRDA:34,2,1,3
BRDA:34,2,2,3
BRDA:34,2,3,3
BRDA:34,2,4,3
BRDA:43,3,0,0
BRDA:43,3,1,3
BRDA:50,4,0,0
BRDA:50,4,1,3
BRDA:51,5,0,0
BRDA:51,5,1,3
BRDA:61,6,0,1
BRDA:61,6,1,2
BRDA:73,7,0,3
BRDA:73,7,1,25
BRDA:75,8,0,3
BRDA:75,8,1,0
BRDA:81,9,0,25
BRDA:81,9,1,0
BRDA:83,10,0,25
BRDA:83,10,1,0
BRDA:83,11,0,28
BRDA:83,11,1,0
BRDA:85,12,0,0
BRDA:85,12,1,25
BRDA:86,13,0,0
BRDA:86,13,1,25
BRF:32
BRH:21
end_of_record
TN:
SF:src/core/browserDownload.ts
FN:7,blobToDataUrl
FN:8,(anonymous_1)
FN:10,(anonymous_2)
FN:13,(anonymous_3)
FN:18,triggerBlobDownload
FN:30,openBlobInNewTab
FNF:6
FNH:6
FNDA:11,blobToDataUrl
FNDA:11,(anonymous_1)
FNDA:9,(anonymous_2)
FNDA:2,(anonymous_3)
FNDA:8,triggerBlobDownload
FNDA:3,openBlobInNewTab
DA:8,11
DA:9,11
DA:10,11
DA:13,11
DA:14,11
DA:19,8
DA:20,6
DA:21,6
DA:22,6
DA:23,6
DA:24,6
DA:25,6
DA:26,6
DA:27,6
DA:31,3
DA:32,3
DA:33,2
LF:17
LH:17
BRDA:13,0,0,2
BRDA:13,0,1,0
BRDA:32,1,0,2
BRDA:32,1,1,1
BRF:4
BRH:3
end_of_record
TN:
SF:src/core/commercialReportOptions.ts
FNF:0
FNH:0
DA:6,3
DA:11,3
DA:19,3
DA:25,3
DA:30,3
DA:37,3
DA:42,3
LF:7
LH:7
BRF:0
BRH:0
end_of_record
TN:
SF:src/core/excelExport.ts
FN:21,downloadExcel
FN:29,(anonymous_1)
FN:33,(anonymous_2)
FNF:3
FNH:3
FNDA:3,downloadExcel
FNDA:6,(anonymous_1)
FNDA:4,(anonymous_2)
DA:19,1
DA:27,3
DA:28,3
DA:29,6
DA:30,3
DA:32,3
DA:33,4
DA:36,3
DA:37,3
DA:38,3
LF:10
LH:10
BRDA:29,0,0,6
BRDA:29,0,1,6
BRDA:38,1,0,1
BRDA:38,1,1,2
BRF:4
BRH:4
end_of_record
TN:
SF:src/core/keycloak.ts
FN:12,resolveConfig
FN:31,initKeycloak
FN:48,(anonymous_2)
FN:49,(anonymous_3)
FN:52,(anonymous_4)
FN:57,keycloakLoginWithRedirect
FN:66,getKeycloakToken
FN:78,getKeycloakRefreshToken
FN:82,getKeycloakTokenExpiresAt
FN:98,refreshAccessToken
FN:127,keycloakLogout
FNF:11
FNH:10
FNDA:12,resolveConfig
FNDA:8,initKeycloak
FNDA:7,(anonymous_2)
FNDA:0,(anonymous_3)
FNDA:1,(anonymous_4)
FNDA:2,keycloakLoginWithRedirect
FNDA:2,getKeycloakToken
FNDA:1,getKeycloakRefreshToken
FNDA:1,getKeycloakTokenExpiresAt
FNDA:3,refreshAccessToken
FNDA:3,keycloakLogout
DA:13,12
DA:14,12
DA:15,12
DA:22,15
DA:23,15
DA:29,15
DA:32,8
DA:34,7
DA:35,7
DA:41,7
DA:48,7
DA:49,7
DA:52,7
DA:54,7
DA:58,2
DA:59,2
DA:67,2
DA:68,2
DA:70,2
DA:71,2
DA:73,1
DA:75,1
DA:79,1
DA:83,1
DA:84,1
DA:99,3
DA:100,3
DA:101,3
DA:107,3
DA:113,3
DA:114,1
DA:117,2
DA:118,2
DA:120,3
DA:128,3
DA:129,0
DA:132,0
DA:135,3
DA:136,3
DA:138,2
DA:139,2
DA:140,2
DA:145,2
DA:146,2
LF:44
LH:42
BRDA:14,0,0,12
BRDA:14,0,1,12
BRDA:17,1,0,12
BRDA:17,1,1,12
BRDA:18,2,0,12
BRDA:18,2,1,12
BRDA:32,3,0,1
BRDA:32,3,1,7
BRDA:57,4,0,2
BRDA:61,5,0,2
BRDA:61,5,1,1
BRDA:68,6,0,0
BRDA:68,6,1,2
BRDA:75,7,0,1
BRDA:75,7,1,0
BRDA:79,8,0,1
BRDA:79,8,1,1
BRDA:84,9,0,0
BRDA:84,9,1,1
BRDA:113,10,0,1
BRDA:113,10,1,2
BRDA:118,11,0,1
BRDA:118,11,1,1
BRDA:122,12,0,3
BRDA:122,12,1,1
BRDA:128,13,0,0
BRDA:128,13,1,3
BRDA:136,14,0,1
BRDA:136,14,1,2
BRF:29
BRH:25
end_of_record
TN:
SF:src/core/mccOptions.ts
FNF:0
FNH:0
DA:6,3
LF:1
LH:1
BRF:0
BRH:0
end_of_record
TN:
SF:src/core/moroccoGeoData.ts
FN:76,normalizeForMatch
FN:84,resolveRegionKey
FN:88,(anonymous_2)
FN:94,(anonymous_3)
FN:101,resolveRegionLabel
FN:102,(anonymous_5)
FN:105,resolveCityCoordinate
FN:111,resolveCityDisplayName
FN:116,(anonymous_8)
FN:123,jitterAroundCity
FNF:10
FNH:10
FNDA:170,normalizeForMatch
FNDA:36,resolveRegionKey
FNDA:996,(anonymous_2)
FNDA:351,(anonymous_3)
FNDA:41,resolveRegionLabel
FNDA:289,(anonymous_5)
FNDA:59,resolveCityCoordinate
FNDA:30,resolveCityDisplayName
FNDA:2,(anonymous_8)
FNDA:5,jitterAroundCity
DA:12,6
DA:58,6
DA:73,6
DA:74,6
DA:77,170
DA:85,36
DA:86,36
DA:87,36
DA:88,996
DA:89,15
DA:93,21
DA:94,351
DA:95,20
DA:98,1
DA:102,289
DA:106,59
DA:107,59
DA:108,56
DA:112,30
DA:113,30
DA:114,3
DA:115,30
DA:116,2
DA:124,5
DA:125,5
DA:126,5
DA:127,5
DA:129,5
DA:130,5
LF:29
LH:29
BRDA:77,0,0,170
BRDA:77,0,1,30
BRDA:88,1,0,15
BRDA:88,1,1,313
BRDA:94,2,0,20
BRDA:94,2,1,108
BRDA:102,3,0,41
BRDA:102,3,1,4
BRDA:107,4,0,3
BRDA:107,4,1,56
BRDA:108,5,0,56
BRDA:108,5,1,2
BRDA:113,6,0,27
BRDA:113,6,1,3
BRDA:114,7,0,3
BRDA:114,7,1,1
BRDA:115,8,0,2
BRDA:115,8,1,28
BRF:18
BRH:18
end_of_record
TN:
SF:src/core/quartiersMaroc.ts
FN:3395,getQuartiersForVille
FNF:1
FNH:1
FNDA:6,getQuartiersForVille
DA:10,6
DA:3393,6
DA:3396,6
DA:3397,6
LF:4
LH:4
BRDA:3396,0,0,6
BRDA:3396,0,1,0
BRDA:3397,1,0,6
BRDA:3397,1,1,1
BRF:4
BRH:3
end_of_record
TN:
SF:src/core/url.ts
FN:2,toSafeHttpUrl
FN:16,stripTrailingSlashes
FN:23,stripLeadingAndTrailingSlashes
FN:32,stripLeadingAndTrailingDashes
FNF:4
FNH:4
FNDA:12,toSafeHttpUrl
FNDA:12,stripTrailingSlashes
FNDA:6,stripLeadingAndTrailingSlashes
FNDA:2,stripLeadingAndTrailingDashes
DA:3,12
DA:4,9
DA:5,9
DA:6,9
DA:8,1
DA:17,12
DA:18,12
DA:19,12
DA:24,6
DA:25,6
DA:26,6
DA:27,6
DA:28,6
DA:33,2
DA:34,2
DA:35,2
DA:36,2
DA:37,2
LF:18
LH:18
BRDA:3,0,0,3
BRDA:3,0,1,9
BRDA:6,1,0,4
BRDA:6,1,1,4
BRDA:6,2,0,9
BRDA:6,2,1,7
BRDA:18,3,0,12
BRDA:18,3,1,12
BRDA:26,4,0,6
BRDA:26,4,1,12
BRDA:27,5,0,6
BRDA:27,5,1,6
BRDA:35,6,0,2
BRDA:35,6,1,2
BRDA:36,7,0,2
BRDA:36,7,1,2
BRF:16
BRH:16
end_of_record
TN:
SF:src/core/components/PdvLocationPicker.tsx
FN:10,RecenterOnVille
FN:12,(anonymous_1)
FN:22,ClickToPlace
FN:23,(anonymous_3)
FN:30,PdvLocationPicker
FNF:5
FNH:5
FNDA:4,RecenterOnVille
FNDA:4,(anonymous_1)
FNDA:4,ClickToPlace
FNDA:2,(anonymous_3)
FNDA:4,PdvLocationPicker
DA:6,1
DA:7,1
DA:8,1
DA:11,4
DA:12,4
DA:13,4
DA:14,4
DA:15,4
DA:19,4
DA:23,4
DA:24,2
DA:25,1
DA:27,4
DA:43,4
DA:44,4
DA:45,4
DA:46,4
DA:48,4
LF:18
LH:18
BRDA:14,0,0,4
BRDA:14,0,1,0
BRDA:24,1,0,1
BRDA:24,1,1,1
BRDA:34,2,0,4
BRDA:44,3,0,4
BRDA:44,3,1,0
BRDA:45,4,0,4
BRDA:45,4,1,0
BRDA:46,5,0,4
BRDA:46,5,1,1
BRDA:49,6,0,1
BRDA:49,6,1,3
BRDA:57,7,0,4
BRDA:57,7,1,1
BRDA:66,8,0,1
BRDA:66,8,1,3
BRF:17
BRH:14
end_of_record
TN:
SF:src/core/components/QuartierCombobox.tsx
FN:5,normalize
FN:15,rankMatches
FN:32,(anonymous_2)
FN:33,(anonymous_3)
FN:36,QuartierCombobox
FN:65,(anonymous_5)
FN:66,(anonymous_6)
FN:68,selectEntry
FN:74,handleKeyDown
FN:78,(anonymous_9)
FN:81,(anonymous_10)
FN:90,handleBlur
FN:92,(anonymous_12)
FN:98,handleFocus
FN:115,(anonymous_14)
FN:133,(anonymous_15)
FN:139,(anonymous_16)
FN:143,(anonymous_17)
FNF:18
FNH:13
FNDA:7986,normalize
FNDA:11,rankMatches
FNDA:1282,(anonymous_2)
FNDA:26,(anonymous_3)
FNDA:12,QuartierCombobox
FNDA:6,(anonymous_5)
FNDA:11,(anonymous_6)
FNDA:2,selectEntry
FNDA:2,handleKeyDown
FNDA:1,(anonymous_9)
FNDA:0,(anonymous_10)
FNDA:0,handleBlur
FNDA:0,(anonymous_12)
FNDA:0,handleFocus
FNDA:3,(anonymous_14)
FNDA:32,(anonymous_15)
FNDA:1,(anonymous_16)
FNDA:0,(anonymous_17)
DA:6,7986
DA:13,1
DA:16,11
DA:17,11
DA:19,5
DA:20,5
DA:21,7975
DA:22,7975
DA:23,2
DA:24,7973
DA:25,216
DA:26,7757
DA:27,34
DA:28,7723
DA:29,0
DA:32,1282
DA:33,26
DA:61,12
DA:62,12
DA:63,12
DA:65,12
DA:66,12
DA:69,2
DA:70,2
DA:71,2
DA:75,2
DA:76,2
DA:77,1
DA:78,1
DA:79,1
DA:80,0
DA:81,0
DA:82,1
DA:83,1
DA:84,1
DA:85,0
DA:86,0
DA:92,0
DA:93,0
DA:94,0
DA:99,0
DA:100,0
DA:104,12
DA:116,3
DA:117,3
DA:118,3
DA:126,12
DA:134,32
DA:140,1
DA:141,1
DA:143,0
DA:152,12
DA:153,0
DA:167,12
LF:54
LH:42
BRDA:17,0,0,6
BRDA:17,0,1,5
BRDA:22,1,0,2
BRDA:22,1,1,7973
BRDA:24,2,0,216
BRDA:24,2,1,7757
BRDA:26,3,0,34
BRDA:26,3,1,7723
BRDA:28,4,0,0
BRDA:28,4,1,7723
BRDA:32,5,0,1282
BRDA:32,5,1,1282
BRDA:38,6,0,12
BRDA:41,7,0,12
BRDA:42,8,0,12
BRDA:43,9,0,12
BRDA:44,10,0,12
BRDA:75,11,0,0
BRDA:75,11,1,2
BRDA:75,12,0,2
BRDA:75,12,1,2
BRDA:76,13,0,1
BRDA:76,13,1,1
BRDA:79,14,0,0
BRDA:79,14,1,1
BRDA:82,15,0,1
BRDA:82,15,1,0
BRDA:85,16,0,0
BRDA:85,16,1,0
BRDA:99,17,0,0
BRDA:99,17,1,0
BRDA:100,18,0,0
BRDA:100,18,1,0
BRDA:112,19,0,11
BRDA:112,19,1,1
BRDA:112,20,0,1
BRDA:112,20,1,0
BRDA:118,21,0,3
BRDA:118,21,1,3
BRDA:126,22,0,12
BRDA:126,22,1,4
BRDA:126,22,2,4
BRDA:138,23,0,4
BRDA:138,23,1,28
BRDA:152,24,0,0
BRDA:152,24,1,12
BRDA:154,25,0,0
BRDA:154,25,1,0
BRDA:157,26,0,0
BRDA:157,26,1,0
BRDA:168,27,0,1
BRDA:168,27,1,11
BRDA:171,28,0,12
BRDA:171,28,1,1
BRDA:173,29,0,1
BRDA:173,29,1,11
BRDA:177,30,0,12
BRDA:177,30,1,1
BRF:58
BRH:42
end_of_record
TN:
SF:src/guards/ErrorBoundary.tsx
FN:13,constructor
FN:18,getDerivedStateFromError
FN:22,componentDidCatch
FN:26,render
FN:37,(anonymous_4)
FNF:5
FNH:4
FNDA:10,constructor
FNDA:2,getDerivedStateFromError
FNDA:2,componentDidCatch
FNDA:13,render
FNDA:0,(anonymous_4)
DA:14,10
DA:15,10
DA:19,4
DA:23,2
DA:27,13
DA:28,4
DA:37,0
DA:44,9
LF:8
LH:7
BRDA:27,0,0,4
BRDA:27,0,1,9
BRDA:28,1,0,4
BRDA:28,1,1,2
BRF:4
BRH:4
end_of_record
TN:
SF:src/guards/ProtectedRoute.tsx
FN:11,ProtectedRoute
FNF:1
FNH:1
FNDA:7,ProtectedRoute
DA:12,7
DA:13,7
DA:15,7
DA:16,2
DA:19,5
DA:20,2
DA:21,1
DA:25,4
DA:26,2
DA:27,1
DA:31,3
LF:11
LH:11
BRDA:15,0,0,2
BRDA:15,0,1,5
BRDA:15,1,0,7
BRDA:15,1,1,7
BRDA:19,2,0,2
BRDA:19,2,1,3
BRDA:19,3,0,5
BRDA:19,3,1,2
BRDA:20,4,0,1
BRDA:20,4,1,1
BRDA:20,5,0,2
BRDA:20,5,1,2
BRDA:25,6,0,2
BRDA:25,6,1,2
BRDA:26,7,0,1
BRDA:26,7,1,1
BRDA:26,8,0,2
BRDA:26,8,1,2
BRF:18
BRH:18
end_of_record
TN:
SF:src/modules/auth/ActivateAccount.tsx
FN:11,ActivateAccount
FN:23,handleFormSubmit
FN:74,(anonymous_2)
FN:88,(anonymous_3)
FN:102,(anonymous_4)
FN:116,(anonymous_5)
FNF:6
FNH:6
FNDA:28,ActivateAccount
FNDA:4,handleFormSubmit
FNDA:4,(anonymous_2)
FNDA:4,(anonymous_3)
FNDA:4,(anonymous_4)
FNDA:4,(anonymous_5)
DA:12,28
DA:13,28
DA:15,28
DA:16,28
DA:17,28
DA:18,28
DA:19,28
DA:20,28
DA:21,28
DA:24,4
DA:25,4
DA:26,1
DA:27,1
DA:30,3
DA:31,3
DA:32,3
DA:33,3
DA:34,2
DA:35,1
DA:36,1
DA:37,1
DA:38,1
DA:39,1
DA:41,1
DA:42,1
DA:43,1
DA:46,1
DA:47,1
DA:49,3
DA:53,28
DA:74,4
DA:88,4
DA:102,4
DA:116,4
LF:34
LH:34
BRDA:25,0,0,1
BRDA:25,0,1,3
BRDA:34,1,0,1
BRDA:34,1,1,1
BRDA:36,2,0,1
BRDA:36,2,1,0
BRDA:38,3,0,1
BRDA:38,3,1,0
BRDA:41,4,0,1
BRDA:41,4,1,0
BRDA:42,5,0,1
BRDA:42,5,1,0
BRDA:47,6,0,1
BRDA:47,6,1,0
BRDA:55,7,0,28
BRDA:55,7,1,2
BRDA:62,8,0,2
BRDA:62,8,1,26
BRDA:124,9,0,28
BRDA:124,9,1,2
BRDA:131,10,0,3
BRDA:131,10,1,25
BRF:22
BRH:17
end_of_record
TN:
SF:src/modules/auth/AuthShell.tsx
FN:15,AuthShell
FN:18,(anonymous_1)
FN:23,(anonymous_2)
FN:28,(anonymous_3)
FN:32,showLogin
FN:37,showRegister
FN:42,showForgotPassword
FN:47,showActivateAccount
FN:52,toggleTheme
FN:53,(anonymous_9)
FNF:10
FNH:6
FNDA:11,AuthShell
FNDA:9,(anonymous_1)
FNDA:10,(anonymous_2)
FNDA:9,(anonymous_3)
FNDA:0,showLogin
FNDA:0,showRegister
FNDA:0,showForgotPassword
FNDA:0,showActivateAccount
FNDA:1,toggleTheme
FNDA:1,(anonymous_9)
DA:16,11
DA:17,11
DA:18,11
DA:19,9
DA:20,9
DA:23,11
DA:24,10
DA:25,10
DA:28,11
DA:29,9
DA:33,0
DA:34,0
DA:38,0
DA:39,0
DA:43,0
DA:44,0
DA:48,0
DA:49,0
DA:53,1
DA:56,11
DA:57,11
DA:58,11
DA:61,11
DA:70,11
DA:74,11
LF:25
LH:17
BRDA:20,0,0,0
BRDA:20,0,1,9
BRDA:53,1,0,1
BRDA:53,1,1,0
BRDA:61,2,0,7
BRDA:61,2,1,4
BRDA:63,3,0,2
BRDA:63,3,1,2
BRDA:65,4,0,1
BRDA:65,4,1,1
BRDA:70,5,0,7
BRDA:70,5,1,4
BRDA:77,6,0,2
BRDA:77,6,1,9
BRDA:77,7,0,1
BRDA:77,7,1,10
BRDA:77,8,0,1
BRDA:77,8,1,10
BRDA:80,9,0,11
BRDA:80,9,1,4
BRDA:80,9,2,3
BRDA:80,9,3,9
BRDA:86,10,0,11
BRDA:86,10,1,9
BRDA:86,10,2,8
BRDA:86,10,3,7
BRDA:97,11,0,2
BRDA:97,11,1,5
BRDA:99,12,0,2
BRDA:99,12,1,5
BRDA:105,13,0,2
BRDA:105,13,1,9
BRDA:105,14,0,1
BRDA:105,14,1,10
BRDA:105,15,0,1
BRDA:105,15,1,10
BRDA:107,16,0,11
BRDA:107,16,1,10
BRDA:107,16,2,9
BRDA:111,17,0,2
BRDA:111,17,1,9
BRDA:111,18,0,1
BRDA:111,18,1,10
BRDA:111,19,0,1
BRDA:111,19,1,10
BRDA:113,20,0,11
BRDA:113,20,1,7
BRDA:120,21,0,11
BRDA:120,21,1,2
BRDA:123,22,0,11
BRDA:123,22,1,1
BRDA:126,23,0,11
BRDA:126,23,1,1
BRDA:132,24,0,11
BRDA:132,24,1,9
BRDA:132,24,2,8
BRDA:132,24,3,7
BRF:57
BRH:55
end_of_record
TN:
SF:src/modules/auth/ForgotPassword.tsx
FN:9,ForgotPassword
FN:18,handleFormSubmit
FN:38,resetFlow
FN:82,(anonymous_3)
FN:141,(anonymous_4)
FNF:5
FNH:5
FNDA:18,ForgotPassword
FNDA:4,handleFormSubmit
FNDA:1,resetFlow
FNDA:4,(anonymous_3)
FNDA:1,(anonymous_4)
DA:10,18
DA:11,18
DA:12,18
DA:13,18
DA:14,18
DA:15,18
DA:16,18
DA:19,4
DA:20,4
DA:22,4
DA:23,4
DA:24,4
DA:25,4
DA:26,3
DA:27,4
DA:28,4
DA:29,4
DA:31,1
DA:32,1
DA:34,4
DA:39,1
DA:40,1
DA:41,1
DA:42,1
DA:43,1
DA:44,1
DA:47,18
DA:82,4
DA:141,1
LF:29
LH:29
BRDA:20,0,0,0
BRDA:20,0,1,4
BRDA:20,1,0,4
BRDA:20,1,1,4
BRDA:26,2,0,3
BRDA:26,2,1,0
BRDA:27,3,0,4
BRDA:27,3,1,0
BRDA:28,4,0,4
BRDA:28,4,1,0
BRDA:32,5,0,1
BRDA:32,5,1,0
BRDA:49,6,0,18
BRDA:49,6,1,3
BRDA:56,7,0,1
BRDA:56,7,1,17
BRDA:85,8,0,18
BRDA:85,8,1,14
BRDA:90,9,0,18
BRDA:90,9,1,3
BRDA:94,10,0,3
BRDA:94,10,1,2
BRDA:99,11,0,3
BRDA:99,11,1,0
BRDA:111,12,0,18
BRDA:111,12,1,1
BRDA:117,13,0,18
BRDA:117,13,1,14
BRDA:118,14,0,4
BRDA:118,14,1,14
BRDA:120,15,0,3
BRDA:120,15,1,11
BRDA:125,16,0,18
BRDA:125,16,1,3
BRDA:136,17,0,18
BRDA:136,17,1,3
BRF:36
BRH:30
end_of_record
TN:
SF:src/modules/auth/Login.tsx
FN:19,Login
FN:29,(anonymous_1)
FN:40,completeKeycloakRedirectLogin
FN:82,handleFormSubmit
FN:87,submitCredentials
FN:92,(anonymous_5)
FN:137,(anonymous_6)
FN:153,(anonymous_7)
FN:162,(anonymous_8)
FN:173,(anonymous_9)
FN:196,(anonymous_10)
FNF:11
FNH:11
FNDA:23,Login
FNDA:14,(anonymous_1)
FNDA:14,completeKeycloakRedirectLogin
FNDA:2,handleFormSubmit
FNDA:2,submitCredentials
FNDA:1,(anonymous_5)
FNDA:1,(anonymous_6)
FNDA:1,(anonymous_7)
FNDA:1,(anonymous_8)
FNDA:1,(anonymous_9)
FNDA:1,(anonymous_10)
DA:20,23
DA:21,23
DA:23,23
DA:24,23
DA:25,23
DA:26,23
DA:27,23
DA:29,23
DA:31,14
DA:32,14
DA:33,0
DA:34,0
DA:37,14
DA:45,14
DA:46,14
DA:47,14
DA:51,1
DA:52,1
DA:54,13
DA:57,12
DA:60,1
DA:61,1
DA:62,1
DA:63,1
DA:70,14
DA:71,14
DA:72,14
DA:73,14
DA:78,0
DA:83,2
DA:84,2
DA:88,2
DA:89,2
DA:90,2
DA:92,2
DA:93,1
DA:94,1
DA:98,23
DA:137,1
DA:153,1
DA:162,1
DA:173,1
DA:196,1
LF:43
LH:40
BRDA:31,0,0,14
BRDA:31,0,1,14
BRDA:32,1,0,0
BRDA:32,1,1,14
BRDA:54,2,0,12
BRDA:54,2,1,1
BRDA:66,3,0,1
BRDA:66,3,1,0
BRDA:70,4,0,14
BRDA:70,4,1,0
BRDA:104,5,0,23
BRDA:104,5,1,1
BRDA:111,6,0,2
BRDA:111,6,1,21
BRDA:179,7,0,23
BRDA:179,7,1,2
BRDA:186,8,0,2
BRDA:186,8,1,21
BRF:18
BRH:15
end_of_record
TN:
SF:src/modules/auth/Register.tsx
FN:184,(anonymous_0)
FN:189,resolveQrSoftposOptions
FN:190,(anonymous_2)
FN:191,(anonymous_3)
FN:289,createInitialFormData
FN:346,resolveUploadLimitMessage
FN:347,(anonymous_6)
FN:348,(anonymous_7)
FN:350,(anonymous_8)
FN:355,extractErrorMessage
FN:367,Register
FN:401,(anonymous_11)
FN:403,(anonymous_12)
FN:405,(anonymous_13)
FN:425,(anonymous_14)
FN:437,(anonymous_15)
FN:468,(anonymous_16)
FN:479,(anonymous_17)
FN:554,(anonymous_18)
FN:574,(anonymous_19)
FN:610,(anonymous_20)
FN:611,(anonymous_21)
FN:611,(anonymous_22)
FN:612,(anonymous_23)
FN:612,(anonymous_24)
FN:614,hasFieldValue
FN:618,resolvePointVentesCount
FN:624,arePointVentesComplete
FN:627,(anonymous_28)
FN:639,(anonymous_29)
FN:646,(anonymous_30)
FN:649,(anonymous_31)
FN:656,isFieldRequired
FN:663,isFieldInvalid
FN:671,isPointVenteFieldInvalid
FN:677,clearSubmissionFeedback
FN:682,resetDocuments
FN:687,(anonymous_37)
FN:693,onCommercantTypeChange
FN:695,(anonymous_39)
FN:702,(anonymous_40)
FN:710,onAffiliationTypeChange
FN:719,(anonymous_42)
FN:721,(anonymous_43)
FN:729,onHasChainChange
FN:732,(anonymous_45)
FN:738,(anonymous_46)
FN:746,setFieldValue
FN:765,(anonymous_48)
FN:768,(anonymous_49)
FN:774,(anonymous_50)
FN:781,(anonymous_51)
FN:782,(anonymous_52)
FN:786,(anonymous_53)
FN:795,markFieldTouched
FN:796,(anonymous_55)
FN:799,setPointVenteField
FN:801,(anonymous_57)
FN:802,(anonymous_58)
FN:808,(anonymous_59)
FN:816,(anonymous_60)
FN:817,(anonymous_61)
FN:824,setPointVentePosition
FN:826,(anonymous_63)
FN:826,(anonymous_64)
FN:827,(anonymous_65)
FN:830,canAccessStep
FN:837,nextStep
FN:841,(anonymous_68)
FN:843,(anonymous_69)
FN:845,(anonymous_70)
FN:846,(anonymous_71)
FN:854,(anonymous_72)
FN:857,previousStep
FN:858,(anonymous_74)
FN:861,isAutoValidationImage
FN:868,resolveImmediateValidationState
FN:881,applyRibExtraction
FN:883,(anonymous_78)
FN:889,clearDocumentValidationWatchdog
FN:897,onDocumentSelected
FN:901,(anonymous_81)
FN:902,(anonymous_82)
FN:903,(anonymous_83)
FN:907,(anonymous_84)
FN:920,(anonymous_85)
FN:926,(anonymous_86)
FN:927,(anonymous_87)
FN:928,(anonymous_88)
FN:934,(anonymous_89)
FN:936,(anonymous_90)
FN:938,(anonymous_91)
FN:939,(anonymous_92)
FN:940,(anonymous_93)
FN:967,(anonymous_94)
FN:968,(anonymous_95)
FN:969,(anonymous_96)
FN:978,(anonymous_97)
FN:979,(anonymous_98)
FN:980,(anonymous_99)
FN:987,extractRibFromIban
FN:994,getDocumentValidationLabel
FN:1003,buildPayload
FN:1008,(anonymous_103)
FN:1011,(anonymous_104)
FN:1038,onSubmit
FN:1061,(anonymous_106)
FN:1090,(anonymous_107)
FN:1133,(anonymous_108)
FN:1141,(anonymous_109)
FN:1159,(anonymous_110)
FN:1167,(anonymous_111)
FN:1168,(anonymous_112)
FN:1197,(anonymous_113)
FN:1204,(anonymous_114)
FN:1212,(anonymous_115)
FN:1213,(anonymous_116)
FN:1220,(anonymous_117)
FN:1231,(anonymous_118)
FN:1232,(anonymous_119)
FN:1232,(anonymous_120)
FN:1240,(anonymous_121)
FN:1241,(anonymous_122)
FN:1241,(anonymous_123)
FN:1252,(anonymous_124)
FN:1253,(anonymous_125)
FN:1253,(anonymous_126)
FN:1256,(anonymous_127)
FN:1268,(anonymous_128)
FN:1277,(anonymous_129)
FN:1278,(anonymous_130)
FN:1278,(anonymous_131)
FN:1286,(anonymous_132)
FN:1295,(anonymous_133)
FN:1307,(anonymous_134)
FN:1334,(anonymous_135)
FN:1335,(anonymous_136)
FN:1348,(anonymous_137)
FN:1374,(anonymous_138)
FN:1388,(anonymous_139)
FN:1388,(anonymous_140)
FN:1428,FormField
FN:1453,(anonymous_142)
FN:1457,(anonymous_143)
FN:1472,(anonymous_144)
FN:1483,PointVenteField
FN:1510,(anonymous_146)
FN:1517,(anonymous_147)
FN:1526,Icon
FNF:149
FNH:81
FNDA:579,(anonymous_0)
FNDA:0,resolveQrSoftposOptions
FNDA:0,(anonymous_2)
FNDA:0,(anonymous_3)
FNDA:18,createInitialFormData
FNDA:10,resolveUploadLimitMessage
FNDA:14,(anonymous_6)
FNDA:14,(anonymous_7)
FNDA:13,(anonymous_8)
FNDA:1,extractErrorMessage
FNDA:194,Register
FNDA:266,(anonymous_11)
FNDA:790,(anonymous_12)
FNDA:32,(anonymous_13)
FNDA:32,(anonymous_14)
FNDA:32,(anonymous_15)
FNDA:17,(anonymous_16)
FNDA:31,(anonymous_17)
FNDA:45,(anonymous_18)
FNDA:32,(anonymous_19)
FNDA:582,(anonymous_20)
FNDA:1164,(anonymous_21)
FNDA:1164,(anonymous_22)
FNDA:2826,(anonymous_23)
FNDA:1506,(anonymous_24)
FNDA:5765,hasFieldValue
FNDA:0,resolvePointVentesCount
FNDA:0,arePointVentesComplete
FNDA:0,(anonymous_28)
FNDA:25,(anonymous_29)
FNDA:194,(anonymous_30)
FNDA:424,(anonymous_31)
FNDA:3393,isFieldRequired
FNDA:1709,isFieldInvalid
FNDA:0,isPointVenteFieldInvalid
FNDA:150,clearSubmissionFeedback
FNDA:15,resetDocuments
FNDA:0,(anonymous_37)
FNDA:14,onCommercantTypeChange
FNDA:14,(anonymous_39)
FNDA:196,(anonymous_40)
FNDA:13,onAffiliationTypeChange
FNDA:13,(anonymous_42)
FNDA:286,(anonymous_43)
FNDA:0,onHasChainChange
FNDA:0,(anonymous_45)
FNDA:0,(anonymous_46)
FNDA:140,setFieldValue
FNDA:113,(anonymous_48)
FNDA:63,(anonymous_49)
FNDA:0,(anonymous_50)
FNDA:0,(anonymous_51)
FNDA:0,(anonymous_52)
FNDA:113,(anonymous_53)
FNDA:0,markFieldTouched
FNDA:0,(anonymous_55)
FNDA:0,setPointVenteField
FNDA:0,(anonymous_57)
FNDA:0,(anonymous_58)
FNDA:0,(anonymous_59)
FNDA:0,(anonymous_60)
FNDA:0,(anonymous_61)
FNDA:0,setPointVentePosition
FNDA:0,(anonymous_63)
FNDA:0,(anonymous_64)
FNDA:0,(anonymous_65)
FNDA:1164,canAccessStep
FNDA:21,nextStep
FNDA:0,(anonymous_68)
FNDA:0,(anonymous_69)
FNDA:0,(anonymous_70)
FNDA:0,(anonymous_71)
FNDA:21,(anonymous_72)
FNDA:0,previousStep
FNDA:0,(anonymous_74)
FNDA:7,isAutoValidationImage
FNDA:7,resolveImmediateValidationState
FNDA:1,applyRibExtraction
FNDA:1,(anonymous_78)
FNDA:2,clearDocumentValidationWatchdog
FNDA:8,onDocumentSelected
FNDA:0,(anonymous_81)
FNDA:0,(anonymous_82)
FNDA:0,(anonymous_83)
FNDA:0,(anonymous_84)
FNDA:3,(anonymous_85)
FNDA:5,(anonymous_86)
FNDA:5,(anonymous_87)
FNDA:5,(anonymous_88)
FNDA:2,(anonymous_89)
FNDA:0,(anonymous_90)
FNDA:0,(anonymous_91)
FNDA:0,(anonymous_92)
FNDA:0,(anonymous_93)
FNDA:1,(anonymous_94)
FNDA:1,(anonymous_95)
FNDA:1,(anonymous_96)
FNDA:1,(anonymous_97)
FNDA:1,(anonymous_98)
FNDA:1,(anonymous_99)
FNDA:1,extractRibFromIban
FNDA:26,getDocumentValidationLabel
FNDA:2,buildPayload
FNDA:100,(anonymous_103)
FNDA:0,(anonymous_104)
FNDA:2,onSubmit
FNDA:4,(anonymous_106)
FNDA:0,(anonymous_107)
FNDA:582,(anonymous_108)
FNDA:0,(anonymous_109)
FNDA:582,(anonymous_110)
FNDA:79,(anonymous_111)
FNDA:0,(anonymous_112)
FNDA:0,(anonymous_113)
FNDA:1102,(anonymous_114)
FNDA:59,(anonymous_115)
FNDA:0,(anonymous_116)
FNDA:0,(anonymous_117)
FNDA:0,(anonymous_118)
FNDA:0,(anonymous_119)
FNDA:0,(anonymous_120)
FNDA:0,(anonymous_121)
FNDA:0,(anonymous_122)
FNDA:0,(anonymous_123)
FNDA:0,(anonymous_124)
FNDA:0,(anonymous_125)
FNDA:0,(anonymous_126)
FNDA:0,(anonymous_127)
FNDA:0,(anonymous_128)
FNDA:0,(anonymous_129)
FNDA:0,(anonymous_130)
FNDA:0,(anonymous_131)
FNDA:0,(anonymous_132)
FNDA:0,(anonymous_133)
FNDA:0,(anonymous_134)
FNDA:2,(anonymous_135)
FNDA:0,(anonymous_136)
FNDA:78,(anonymous_137)
FNDA:8,(anonymous_138)
FNDA:2,(anonymous_139)
FNDA:2,(anonymous_140)
FNDA:1709,FormField
FNDA:70,(anonymous_142)
FNDA:22042,(anonymous_143)
FNDA:70,(anonymous_144)
FNDA:0,PointVenteField
FNDA:0,(anonymous_146)
FNDA:0,(anonymous_147)
FNDA:1781,Icon
DA:9,3
DA:10,3
DA:11,3
DA:12,3
DA:15,3
DA:23,3
DA:24,3
DA:25,3
DA:26,3
DA:96,3
DA:98,3
DA:105,3
DA:113,3
DA:119,3
DA:126,3
DA:133,3
DA:141,3
DA:146,3
DA:184,579
DA:190,0
DA:191,0
DA:192,0
DA:195,3
DA:241,3
DA:263,3
DA:290,18
DA:347,14
DA:348,14
DA:349,10
DA:350,13
DA:351,9
DA:352,9
DA:356,1
DA:357,1
DA:358,1
DA:359,1
DA:360,1
DA:362,0
DA:364,0
DA:368,194
DA:369,194
DA:370,194
DA:371,194
DA:372,194
DA:373,194
DA:374,194
DA:377,194
DA:378,194
DA:379,194
DA:380,194
DA:381,194
DA:382,194
DA:383,194
DA:384,194
DA:385,194
DA:386,194
DA:387,194
DA:389,194
DA:390,194
DA:391,194
DA:393,194
DA:398,194
DA:401,266
DA:403,790
DA:405,194
DA:406,32
DA:408,2
DA:410,0
DA:412,0
DA:415,30
DA:425,194
DA:426,32
DA:437,194
DA:438,32
DA:440,12
DA:445,2
DA:452,0
DA:458,0
DA:464,18
DA:468,194
DA:469,17
DA:479,194
DA:480,31
DA:482,1
DA:489,12
DA:496,0
DA:515,0
DA:541,0
DA:550,18
DA:554,194
DA:555,45
DA:574,194
DA:575,32
DA:577,12
DA:583,2
DA:592,0
DA:598,0
DA:606,18
DA:610,582
DA:611,1164
DA:612,2826
DA:615,5765
DA:619,0
DA:620,0
DA:621,0
DA:625,0
DA:626,0
DA:627,0
DA:628,0
DA:632,194
DA:634,194
DA:636,194
DA:639,194
DA:640,25
DA:642,194
DA:644,194
DA:646,194
DA:647,194
DA:648,194
DA:649,424
DA:650,194
DA:651,194
DA:652,194
DA:657,3393
DA:658,2229
DA:659,25
DA:660,0
DA:664,1709
DA:665,1206
DA:666,657
DA:667,657
DA:668,640
DA:672,0
DA:673,0
DA:674,0
DA:678,150
DA:679,150
DA:683,15
DA:684,15
DA:685,15
DA:686,15
DA:687,15
DA:688,0
DA:690,15
DA:694,14
DA:695,14
DA:696,14
DA:697,14
DA:702,196
DA:703,14
DA:704,14
DA:705,14
DA:707,14
DA:711,13
DA:719,13
DA:720,13
DA:721,286
DA:722,13
DA:723,13
DA:725,13
DA:726,13
DA:730,0
DA:731,0
DA:732,0
DA:737,0
DA:738,0
DA:739,0
DA:740,0
DA:741,0
DA:747,140
DA:749,140
DA:750,14
DA:751,14
DA:754,126
DA:755,13
DA:756,13
DA:759,113
DA:760,140
DA:761,140
DA:762,113
DA:763,113
DA:765,113
DA:766,113
DA:767,113
DA:768,63
DA:770,113
DA:773,0
DA:774,0
DA:776,113
DA:779,113
DA:780,0
DA:781,0
DA:782,0
DA:786,113
DA:787,113
DA:788,113
DA:789,113
DA:792,113
DA:796,0
DA:800,0
DA:801,0
DA:802,0
DA:803,0
DA:804,0
DA:807,0
DA:808,0
DA:809,0
DA:811,0
DA:813,0
DA:816,0
DA:817,0
DA:818,0
DA:819,0
DA:820,0
DA:825,0
DA:826,0
DA:827,0
DA:831,1164
DA:832,776
DA:833,388
DA:834,0
DA:838,21
DA:839,0
DA:840,0
DA:841,0
DA:842,0
DA:843,0
DA:844,0
DA:845,0
DA:846,0
DA:848,0
DA:851,0
DA:853,21
DA:854,21
DA:858,0
DA:862,7
DA:863,5
DA:864,5
DA:865,7
DA:869,7
DA:870,0
DA:872,7
DA:873,5
DA:875,2
DA:876,0
DA:878,2
DA:882,1
DA:883,1
DA:884,1
DA:885,1
DA:890,2
DA:891,2
DA:892,2
DA:893,2
DA:898,8
DA:900,8
DA:901,0
DA:902,0
DA:903,0
DA:904,0
DA:905,0
DA:906,0
DA:907,0
DA:909,0
DA:912,8
DA:913,8
DA:914,8
DA:915,1
DA:916,1
DA:919,7
DA:920,3
DA:923,7
DA:924,7
DA:925,5
DA:926,5
DA:927,5
DA:928,5
DA:929,5
DA:932,2
DA:933,8
DA:934,8
DA:936,8
DA:937,0
DA:938,0
DA:939,0
DA:940,0
DA:944,0
DA:945,0
DA:948,8
DA:949,8
DA:950,8
DA:951,8
DA:952,8
DA:960,1
DA:961,1
DA:963,1
DA:964,1
DA:965,8
DA:967,8
DA:968,8
DA:969,8
DA:971,8
DA:972,1
DA:973,1
DA:976,1
DA:977,1
DA:978,1
DA:979,1
DA:980,1
DA:988,1
DA:989,1
DA:990,1
DA:991,1
DA:995,26
DA:996,2
DA:997,2
DA:998,0
DA:999,22
DA:1004,2
DA:1005,2
DA:1006,2
DA:1007,2
DA:1008,100
DA:1011,0
DA:1039,2
DA:1041,2
DA:1043,2
DA:1044,0
DA:1045,0
DA:1046,0
DA:1049,2
DA:1050,2
DA:1051,0
DA:1052,0
DA:1055,2
DA:1056,2
DA:1058,2
DA:1059,2
DA:1060,2
DA:1061,2
DA:1062,4
DA:1065,2
DA:1066,2
DA:1073,1
DA:1074,1
DA:1075,2
DA:1076,2
DA:1078,2
DA:1079,2
DA:1080,2
DA:1081,2
DA:1082,2
DA:1083,2
DA:1084,2
DA:1085,2
DA:1087,2
DA:1089,2
DA:1090,1
DA:1091,0
DA:1094,1
DA:1095,1
DA:1097,2
DA:1101,194
DA:1102,194
DA:1107,194
DA:1113,194
DA:1134,582
DA:1135,582
DA:1141,0
DA:1160,582
DA:1167,79
DA:1168,0
DA:1197,0
DA:1205,1102
DA:1212,59
DA:1213,0
DA:1221,0
DA:1231,0
DA:1232,0
DA:1240,0
DA:1241,0
DA:1252,0
DA:1253,0
DA:1256,0
DA:1268,0
DA:1277,0
DA:1278,0
DA:1286,0
DA:1295,0
DA:1307,0
DA:1334,2
DA:1335,0
DA:1349,78
DA:1350,78
DA:1374,8
DA:1388,2
DA:1440,1709
DA:1453,70
DA:1457,22042
DA:1472,70
DA:1497,0
DA:1498,0
DA:1510,0
DA:1517,0
DA:1527,1781
LF:405
LH:288
BRDA:190,0,0,0
BRDA:190,0,1,0
BRDA:191,1,0,0
BRDA:191,1,1,0
BRDA:349,2,0,1
BRDA:349,2,1,9
BRDA:351,3,0,0
BRDA:351,3,1,9
BRDA:356,4,0,1
BRDA:356,4,1,0
BRDA:358,5,0,1
BRDA:358,5,1,0
BRDA:358,6,0,1
BRDA:358,6,1,1
BRDA:358,6,2,1
BRDA:360,7,0,1
BRDA:360,7,1,0
BRDA:360,8,0,1
BRDA:360,8,1,1
BRDA:362,9,0,0
BRDA:362,9,1,0
BRDA:362,10,0,0
BRDA:362,10,1,0
BRDA:393,11,0,194
BRDA:393,11,1,188
BRDA:393,11,2,188
BRDA:393,11,3,188
BRDA:398,12,0,194
BRDA:398,12,1,38
BRDA:401,13,0,194
BRDA:401,13,1,18
BRDA:403,14,0,194
BRDA:403,14,1,32
BRDA:406,15,0,2
BRDA:406,15,1,0
BRDA:406,15,2,0
BRDA:406,15,3,12
BRDA:406,15,4,30
BRDA:417,16,0,12
BRDA:417,16,1,18
BRDA:418,17,0,12
BRDA:418,17,1,18
BRDA:438,18,0,12
BRDA:438,18,1,2
BRDA:438,18,2,0
BRDA:438,18,3,0
BRDA:438,18,4,18
BRDA:480,19,0,1
BRDA:480,19,1,12
BRDA:480,19,2,0
BRDA:480,19,3,0
BRDA:480,19,4,0
BRDA:480,19,5,18
BRDA:499,20,0,0
BRDA:499,20,1,0
BRDA:500,21,0,0
BRDA:500,21,1,0
BRDA:506,22,0,0
BRDA:506,22,1,0
BRDA:507,23,0,0
BRDA:507,23,1,0
BRDA:515,24,0,0
BRDA:515,24,1,0
BRDA:522,25,0,0
BRDA:522,25,1,0
BRDA:522,26,0,0
BRDA:522,26,1,0
BRDA:526,27,0,0
BRDA:526,27,1,0
BRDA:527,28,0,0
BRDA:527,28,1,0
BRDA:533,29,0,0
BRDA:533,29,1,0
BRDA:534,30,0,0
BRDA:534,30,1,0
BRDA:561,31,0,1
BRDA:561,31,1,44
BRDA:564,32,0,0
BRDA:564,32,1,45
BRDA:575,33,0,12
BRDA:575,33,1,2
BRDA:575,33,2,0
BRDA:575,33,3,0
BRDA:575,33,4,18
BRDA:615,34,0,5765
BRDA:615,34,1,0
BRDA:620,35,0,0
BRDA:620,35,1,0
BRDA:620,36,0,0
BRDA:620,36,1,0
BRDA:626,37,0,0
BRDA:626,37,1,0
BRDA:626,38,0,0
BRDA:626,38,1,0
BRDA:628,39,0,0
BRDA:628,39,1,0
BRDA:628,39,2,0
BRDA:628,39,3,0
BRDA:634,40,0,194
BRDA:634,40,1,33
BRDA:634,40,2,0
BRDA:636,41,0,194
BRDA:636,41,1,8
BRDA:636,41,2,7
BRDA:642,42,0,194
BRDA:642,42,1,110
BRDA:642,42,2,33
BRDA:642,42,3,5
BRDA:644,43,0,97
BRDA:644,43,1,97
BRDA:644,44,0,72
BRDA:644,44,1,25
BRDA:650,45,0,5
BRDA:650,45,1,189
BRDA:657,46,0,1164
BRDA:657,46,1,2229
BRDA:658,47,0,2204
BRDA:658,47,1,25
BRDA:659,48,0,25
BRDA:659,48,1,0
BRDA:659,49,0,25
BRDA:659,49,1,25
BRDA:664,50,0,503
BRDA:664,50,1,1206
BRDA:665,51,0,549
BRDA:665,51,1,657
BRDA:666,52,0,0
BRDA:666,52,1,657
BRDA:666,53,0,657
BRDA:666,53,1,657
BRDA:667,54,0,17
BRDA:667,54,1,640
BRDA:672,55,0,0
BRDA:672,55,1,0
BRDA:673,56,0,0
BRDA:673,56,1,0
BRDA:674,57,0,0
BRDA:674,57,1,0
BRDA:674,57,2,0
BRDA:674,57,3,0
BRDA:688,58,0,0
BRDA:688,58,1,0
BRDA:703,59,0,12
BRDA:703,59,1,2
BRDA:704,60,0,12
BRDA:704,60,1,2
BRDA:704,61,0,14
BRDA:704,61,1,12
BRDA:704,61,2,12
BRDA:722,62,0,12
BRDA:722,62,1,1
BRDA:725,63,0,12
BRDA:725,63,1,1
BRDA:734,64,0,0
BRDA:734,64,1,0
BRDA:737,65,0,0
BRDA:737,65,1,0
BRDA:749,66,0,14
BRDA:749,66,1,126
BRDA:754,67,0,13
BRDA:754,67,1,113
BRDA:759,68,0,113
BRDA:759,68,1,113
BRDA:759,68,2,113
BRDA:760,69,0,0
BRDA:760,69,1,113
BRDA:761,70,0,0
BRDA:761,70,1,140
BRDA:761,71,0,140
BRDA:761,71,1,0
BRDA:762,72,0,0
BRDA:762,72,1,113
BRDA:762,73,0,113
BRDA:762,73,1,0
BRDA:763,74,0,0
BRDA:763,74,1,113
BRDA:763,75,0,113
BRDA:763,75,1,0
BRDA:767,76,0,9
BRDA:767,76,1,104
BRDA:768,77,0,9
BRDA:768,77,1,0
BRDA:770,78,0,0
BRDA:770,78,1,113
BRDA:779,79,0,0
BRDA:779,79,1,113
BRDA:780,80,0,0
BRDA:780,80,1,0
BRDA:782,81,0,0
BRDA:782,81,1,0
BRDA:788,82,0,113
BRDA:788,82,1,0
BRDA:792,83,0,2
BRDA:792,83,1,111
BRDA:792,84,0,113
BRDA:792,84,1,2
BRDA:803,85,0,0
BRDA:803,85,1,0
BRDA:807,86,0,0
BRDA:807,86,1,0
BRDA:811,87,0,0
BRDA:811,87,1,0
BRDA:819,88,0,0
BRDA:819,88,1,0
BRDA:826,89,0,0
BRDA:826,89,1,0
BRDA:831,90,0,388
BRDA:831,90,1,776
BRDA:832,91,0,388
BRDA:832,91,1,388
BRDA:833,92,0,388
BRDA:833,92,1,0
BRDA:833,93,0,388
BRDA:833,93,1,220
BRDA:838,94,0,0
BRDA:838,94,1,21
BRDA:840,95,0,0
BRDA:840,95,1,0
BRDA:842,96,0,0
BRDA:842,96,1,0
BRDA:842,97,0,0
BRDA:842,97,1,0
BRDA:862,98,0,2
BRDA:862,98,1,5
BRDA:864,99,0,5
BRDA:864,99,1,0
BRDA:869,100,0,0
BRDA:869,100,1,7
BRDA:872,101,0,5
BRDA:872,101,1,2
BRDA:875,102,0,0
BRDA:875,102,1,2
BRDA:882,103,0,0
BRDA:882,103,1,1
BRDA:884,104,0,0
BRDA:884,104,1,1
BRDA:891,105,0,2
BRDA:891,105,1,0
BRDA:900,106,0,0
BRDA:900,106,1,8
BRDA:906,107,0,0
BRDA:906,107,1,0
BRDA:914,108,0,1
BRDA:914,108,1,7
BRDA:919,109,0,3
BRDA:919,109,1,4
BRDA:924,110,0,5
BRDA:924,110,1,2
BRDA:932,111,0,2
BRDA:932,111,1,2
BRDA:937,112,0,0
BRDA:937,112,1,0
BRDA:960,113,0,0
BRDA:960,113,1,1
BRDA:964,114,0,1
BRDA:964,114,1,0
BRDA:964,115,0,0
BRDA:964,115,1,0
BRDA:965,116,0,8
BRDA:965,116,1,1
BRDA:971,117,0,1
BRDA:971,117,1,7
BRDA:972,118,0,1
BRDA:972,118,1,1
BRDA:972,119,0,1
BRDA:972,119,1,0
BRDA:976,120,0,0
BRDA:976,120,1,1
BRDA:988,121,0,0
BRDA:988,121,1,1
BRDA:990,122,0,0
BRDA:990,122,1,1
BRDA:990,123,0,1
BRDA:990,123,1,1
BRDA:995,124,0,2
BRDA:995,124,1,2
BRDA:995,124,2,0
BRDA:995,124,3,22
BRDA:1008,125,0,100
BRDA:1008,125,1,0
BRDA:1009,126,0,0
BRDA:1009,126,1,2
BRDA:1011,127,0,0
BRDA:1011,127,1,2
BRDA:1023,128,0,2
BRDA:1023,128,1,0
BRDA:1024,129,0,2
BRDA:1024,129,1,0
BRDA:1025,130,0,2
BRDA:1025,130,1,2
BRDA:1026,131,0,2
BRDA:1026,131,1,2
BRDA:1027,132,0,2
BRDA:1027,132,1,2
BRDA:1028,133,0,2
BRDA:1028,133,1,2
BRDA:1029,134,0,2
BRDA:1029,134,1,2
BRDA:1030,135,0,2
BRDA:1030,135,1,2
BRDA:1031,136,0,2
BRDA:1031,136,1,2
BRDA:1032,137,0,2
BRDA:1032,137,1,2
BRDA:1033,138,0,2
BRDA:1033,138,1,2
BRDA:1034,139,0,2
BRDA:1034,139,1,2
BRDA:1041,140,0,0
BRDA:1041,140,1,2
BRDA:1043,141,0,0
BRDA:1043,141,1,2
BRDA:1050,142,0,0
BRDA:1050,142,1,2
BRDA:1062,143,0,4
BRDA:1062,143,1,0
BRDA:1074,144,0,1
BRDA:1074,144,1,1
BRDA:1075,145,0,0
BRDA:1075,145,1,1
BRDA:1076,146,0,2
BRDA:1076,146,1,0
BRDA:1089,147,0,0
BRDA:1089,147,1,2
BRDA:1101,148,0,194
BRDA:1101,148,1,184
BRDA:1101,148,2,184
BRDA:1102,149,0,183
BRDA:1102,149,1,11
BRDA:1104,150,0,1
BRDA:1104,150,1,10
BRDA:1107,151,0,183
BRDA:1107,151,1,11
BRDA:1109,152,0,1
BRDA:1109,152,1,10
BRDA:1129,153,0,194
BRDA:1129,153,1,1
BRDA:1130,154,0,194
BRDA:1130,154,1,2
BRDA:1138,155,0,194
BRDA:1138,155,1,388
BRDA:1138,156,0,122
BRDA:1138,156,1,460
BRDA:1138,157,0,582
BRDA:1138,157,1,337
BRDA:1140,158,0,582
BRDA:1140,158,1,337
BRDA:1141,159,0,0
BRDA:1141,159,1,0
BRDA:1141,160,0,0
BRDA:1141,160,1,0
BRDA:1151,161,0,194
BRDA:1151,161,1,97
BRDA:1175,162,0,194
BRDA:1175,162,1,72
BRDA:1195,163,0,0
BRDA:1195,163,1,72
BRDA:1218,164,0,72
BRDA:1218,164,1,1
BRDA:1218,164,2,0
BRDA:1243,165,0,0
BRDA:1243,165,1,0
BRDA:1247,166,0,0
BRDA:1247,166,1,0
BRDA:1259,167,0,0
BRDA:1259,167,1,0
BRDA:1318,168,0,194
BRDA:1318,168,1,25
BRDA:1354,169,0,78
BRDA:1354,169,1,24
BRDA:1357,170,0,78
BRDA:1357,170,1,25
BRDA:1362,171,0,55
BRDA:1362,171,1,23
BRDA:1363,172,0,78
BRDA:1363,172,1,55
BRDA:1365,173,0,78
BRDA:1365,173,1,25
BRDA:1367,174,0,2
BRDA:1367,174,1,76
BRDA:1373,175,0,78
BRDA:1373,175,1,72
BRDA:1400,176,0,194
BRDA:1400,176,1,97
BRDA:1405,177,0,194
BRDA:1405,177,1,169
BRDA:1406,178,0,169
BRDA:1406,178,1,21
BRDA:1410,179,0,194
BRDA:1410,179,1,25
BRDA:1411,180,0,25
BRDA:1411,180,1,5
BRDA:1412,181,0,2
BRDA:1412,181,1,23
BRDA:1412,182,0,2
BRDA:1412,182,1,21
BRDA:1441,183,0,0
BRDA:1441,183,1,1709
BRDA:1444,184,0,1709
BRDA:1444,184,1,1206
BRDA:1446,185,0,606
BRDA:1446,185,1,1103
BRDA:1446,186,0,0
BRDA:1446,186,1,1709
BRDA:1448,187,0,606
BRDA:1448,187,1,1103
BRDA:1462,188,0,1103
BRDA:1462,188,1,788
BRDA:1464,189,0,1103
BRDA:1464,189,1,549
BRDA:1466,190,0,2
BRDA:1466,190,1,1101
BRDA:1466,191,0,1103
BRDA:1466,191,1,1102
BRDA:1466,191,2,1101
BRDA:1466,192,0,0
BRDA:1466,192,1,1101
BRDA:1467,193,0,1
BRDA:1467,193,1,1102
BRDA:1467,194,0,1
BRDA:1467,194,1,1101
BRDA:1467,195,0,0
BRDA:1467,195,1,1101
BRDA:1468,196,0,2
BRDA:1468,196,1,1101
BRDA:1470,197,0,1103
BRDA:1470,197,1,1006
BRDA:1477,198,0,1709
BRDA:1477,198,1,25
BRDA:1478,199,0,1709
BRDA:1478,199,1,0
BRDA:1484,200,0,0
BRDA:1484,201,0,0
BRDA:1484,202,0,0
BRDA:1484,203,0,0
BRDA:1484,204,0,0
BRDA:1497,205,0,0
BRDA:1497,205,1,0
BRDA:1499,206,0,0
BRDA:1499,206,1,0
BRDA:1501,207,0,0
BRDA:1501,207,1,0
BRDA:1503,208,0,0
BRDA:1503,208,1,0
BRDA:1507,209,0,0
BRDA:1507,209,1,0
BRDA:1515,210,0,0
BRDA:1515,210,1,0
BRDA:1515,210,2,0
BRDA:1521,211,0,0
BRDA:1521,211,1,0
BRDA:1529,212,0,1781
BRDA:1529,212,1,378
BRDA:1530,213,0,1781
BRDA:1530,213,1,507
BRDA:1531,214,0,1781
BRDA:1531,214,1,2
BRDA:1532,215,0,1781
BRDA:1532,215,1,169
BRDA:1533,216,0,1781
BRDA:1533,216,1,143
BRDA:1534,217,0,1781
BRDA:1534,217,1,216
BRDA:1535,218,0,1781
BRDA:1535,218,1,226
BRDA:1536,219,0,1781
BRDA:1536,219,1,115
BRDA:1537,220,0,1781
BRDA:1537,220,1,25
BRF:469
BRH:293
end_of_record
TN:
SF:src/modules/auth/services/authApi.ts
FN:34,login
FN:39,verifyOtp
FN:44,activate
FN:53,requestPasswordReset
FN:58,confirmPasswordReset
FN:67,currentSession
FN:72,currentSessionWithToken
FN:79,logout
FNF:8
FNH:8
FNDA:1,login
FNDA:1,verifyOtp
FNDA:1,activate
FNDA:1,requestPasswordReset
FNDA:1,confirmPasswordReset
FNDA:1,currentSession
FNDA:1,currentSessionWithToken
FNDA:1,logout
DA:6,1
DA:35,1
DA:36,1
DA:40,1
DA:41,1
DA:49,1
DA:50,1
DA:54,1
DA:55,1
DA:63,1
DA:64,1
DA:68,1
DA:69,1
DA:73,1
DA:76,1
DA:80,1
DA:81,1
LF:17
LH:17
BRF:0
BRH:0
end_of_record
TN:
SF:src/modules/backoffice/BackofficeDashboard.tsx
FN:30,BackofficeDashboard
FN:69,(anonymous_1)
FN:83,(anonymous_2)
FN:93,handleNotificationMenuOpened
FN:106,(anonymous_4)
FN:108,(anonymous_5)
FN:109,(anonymous_6)
FN:112,(anonymous_7)
FN:135,(anonymous_8)
FN:139,loadSession
FN:160,refreshCounts
FN:169,(anonymous_11)
FN:172,(anonymous_12)
FN:193,(anonymous_13)
FN:194,(anonymous_14)
FN:200,(anonymous_15)
FNF:16
FNH:12
FNDA:32,BackofficeDashboard
FNDA:3,(anonymous_1)
FNDA:8,(anonymous_2)
FNDA:0,handleNotificationMenuOpened
FNDA:8,(anonymous_4)
FNDA:0,(anonymous_5)
FNDA:8,(anonymous_6)
FNDA:8,(anonymous_7)
FNDA:8,(anonymous_8)
FNDA:8,loadSession
FNDA:8,refreshCounts
FNDA:2,(anonymous_11)
FNDA:2,(anonymous_12)
FNDA:2,(anonymous_13)
FNDA:0,(anonymous_14)
FNDA:0,(anonymous_15)
DA:31,32
DA:32,32
DA:33,32
DA:35,32
DA:36,32
DA:37,32
DA:38,32
DA:39,32
DA:41,32
DA:53,32
DA:54,32
DA:56,32
DA:57,32
DA:58,32
DA:59,32
DA:60,32
DA:69,32
DA:83,32
DA:84,8
DA:85,8
DA:86,8
DA:87,8
DA:94,0
DA:95,0
DA:96,0
DA:97,0
DA:106,32
DA:107,8
DA:108,8
DA:109,8
DA:112,32
DA:113,8
DA:124,8
DA:125,8
DA:126,8
DA:127,8
DA:128,8
DA:129,0
DA:130,0
DA:131,0
DA:135,32
DA:136,8
DA:140,8
DA:141,8
DA:142,8
DA:143,8
DA:144,0
DA:145,0
DA:147,8
DA:148,8
DA:149,8
DA:150,8
DA:152,0
DA:153,0
DA:154,0
DA:156,8
DA:161,8
DA:162,8
DA:163,8
DA:164,8
DA:165,8
DA:166,8
DA:167,8
DA:168,8
DA:169,8
DA:170,2
DA:172,8
DA:173,2
DA:175,8
DA:176,8
DA:177,0
DA:179,8
DA:180,8
DA:181,8
DA:182,7
DA:183,7
DA:184,6
DA:186,1
DA:190,8
DA:193,2
DA:194,0
DA:200,0
DA:203,8
DA:209,0
DA:211,8
DA:215,32
DA:217,32
DA:222,32
DA:223,32
DA:225,32
DA:241,32
LF:91
LH:75
BRDA:71,0,0,3
BRDA:71,0,1,0
BRDA:74,1,0,2
BRDA:74,1,1,1
BRDA:76,2,0,1
BRDA:76,2,1,0
BRDA:77,3,0,0
BRDA:77,3,1,1
BRDA:126,4,0,8
BRDA:126,4,1,0
BRDA:129,5,0,0
BRDA:129,5,1,0
BRDA:143,6,0,0
BRDA:143,6,1,8
BRDA:160,7,0,8
BRDA:160,8,0,8
BRDA:161,9,0,0
BRDA:161,9,1,8
BRDA:164,10,0,8
BRDA:164,10,1,0
BRDA:168,11,0,8
BRDA:168,11,1,0
BRDA:173,12,0,2
BRDA:173,12,1,0
BRDA:181,13,0,7
BRDA:181,13,1,1
BRDA:184,14,0,6
BRDA:184,14,1,0
BRDA:184,15,0,7
BRDA:184,15,1,0
BRDA:204,16,0,1
BRDA:204,16,1,7
BRDA:217,17,0,32
BRDA:217,17,1,0
BRDA:227,18,0,30
BRDA:227,18,1,2
BRDA:228,19,0,30
BRDA:228,19,1,29
BRDA:229,20,0,30
BRDA:229,20,1,30
BRDA:230,21,0,30
BRDA:230,21,1,30
BRDA:232,22,0,30
BRDA:232,22,1,30
BRDA:234,23,0,30
BRDA:234,23,1,2
BRDA:235,24,0,30
BRDA:235,24,1,29
BRF:48
BRH:34
end_of_record
TN:
SF:src/modules/backoffice/pages/commercial-request-detail/BackofficeCommercialRequestDetailPage.tsx
FN:4,BackofficeCommercialRequestDetailPage
FNF:1
FNH:1
FNDA:1,BackofficeCommercialRequestDetailPage
DA:5,1
LF:1
LH:1
BRF:0
BRH:0
end_of_record
TN:
SF:src/modules/backoffice/pages/commercial-requests/BackofficeCommercialRequestsPage.tsx
FN:18,formatDate
FN:25,buildOptions
FN:25,(anonymous_2)
FN:29,(anonymous_3)
FN:30,(anonymous_4)
FN:34,resolveCommercialLabel
FN:38,isCommercialProspectionToReview
FN:45,resolveDetailRoute
FN:49,BackofficeCommercialRequestsPage
FN:61,(anonymous_9)
FN:66,(anonymous_10)
FN:72,(anonymous_11)
FN:77,(anonymous_12)
FN:81,(anonymous_13)
FN:84,(anonymous_14)
FN:87,(anonymous_15)
FN:101,(anonymous_16)
FN:105,(anonymous_17)
FN:106,(anonymous_18)
FN:109,(anonymous_19)
FN:110,(anonymous_20)
FN:114,(anonymous_21)
FN:115,(anonymous_22)
FN:123,(anonymous_23)
FN:125,(anonymous_24)
FN:139,clearFilters
FN:186,(anonymous_26)
FN:193,(anonymous_27)
FN:194,(anonymous_28)
FN:203,(anonymous_29)
FN:204,(anonymous_30)
FN:213,(anonymous_31)
FN:214,(anonymous_32)
FN:257,(anonymous_33)
FN:292,(anonymous_34)
FNF:35
FNH:31
FNDA:11,formatDate
FNDA:27,buildOptions
FNDA:6,(anonymous_2)
FNDA:1,(anonymous_3)
FNDA:6,(anonymous_4)
FNDA:6,resolveCommercialLabel
FNDA:9,isCommercialProspectionToReview
FNDA:1,resolveDetailRoute
FNDA:16,BackofficeCommercialRequestsPage
FNDA:5,(anonymous_9)
FNDA:0,(anonymous_10)
FNDA:4,(anonymous_11)
FNDA:2,(anonymous_12)
FNDA:1,(anonymous_13)
FNDA:5,(anonymous_14)
FNDA:5,(anonymous_15)
FNDA:9,(anonymous_16)
FNDA:9,(anonymous_17)
FNDA:6,(anonymous_18)
FNDA:9,(anonymous_19)
FNDA:6,(anonymous_20)
FNDA:9,(anonymous_21)
FNDA:6,(anonymous_22)
FNDA:11,(anonymous_23)
FNDA:10,(anonymous_24)
FNDA:0,clearFilters
FNDA:1,(anonymous_26)
FNDA:0,(anonymous_27)
FNDA:26,(anonymous_28)
FNDA:0,(anonymous_29)
FNDA:16,(anonymous_30)
FNDA:1,(anonymous_31)
FNDA:24,(anonymous_32)
FNDA:11,(anonymous_33)
FNDA:1,(anonymous_34)
DA:19,11
DA:20,0
DA:21,0
DA:22,0
DA:25,6
DA:26,27
DA:29,1
DA:30,6
DA:35,6
DA:39,9
DA:46,1
DA:50,16
DA:51,16
DA:52,16
DA:53,16
DA:54,16
DA:55,16
DA:56,16
DA:57,16
DA:58,16
DA:59,16
DA:61,16
DA:62,5
DA:63,5
DA:64,0
DA:65,0
DA:66,0
DA:67,0
DA:70,5
DA:71,5
DA:73,4
DA:74,4
DA:77,2
DA:79,4
DA:82,1
DA:85,5
DA:87,5
DA:88,5
DA:92,16
DA:93,0
DA:101,16
DA:102,9
DA:105,16
DA:106,9
DA:109,16
DA:110,9
DA:114,16
DA:115,9
DA:116,9
DA:123,16
DA:124,11
DA:125,11
DA:126,10
DA:127,10
DA:128,10
DA:130,10
DA:135,10
DA:140,0
DA:141,0
DA:142,0
DA:143,0
DA:146,16
DA:186,1
DA:193,0
DA:195,26
DA:203,0
DA:205,16
DA:213,1
DA:215,24
DA:258,11
DA:292,1
LF:71
LH:57
BRDA:19,0,0,11
BRDA:19,0,1,0
BRDA:21,1,0,0
BRDA:21,1,1,0
BRDA:25,2,0,6
BRDA:35,3,0,6
BRDA:35,3,1,6
BRDA:40,4,0,9
BRDA:40,4,1,7
BRDA:63,5,0,0
BRDA:63,5,1,5
BRDA:73,6,0,0
BRDA:73,6,1,4
BRDA:82,7,0,1
BRDA:82,7,1,0
BRDA:85,8,0,5
BRDA:85,8,1,0
BRDA:92,9,0,0
BRDA:92,9,1,16
BRDA:126,10,0,10
BRDA:126,10,1,0
BRDA:127,11,0,10
BRDA:127,11,1,0
BRDA:128,12,0,10
BRDA:128,12,1,2
BRDA:130,13,0,10
BRDA:130,13,1,2
BRDA:135,14,0,10
BRDA:135,14,1,10
BRDA:135,14,2,10
BRDA:135,14,3,9
BRDA:151,15,0,7
BRDA:151,15,1,9
BRDA:155,16,0,7
BRDA:155,16,1,9
BRDA:159,17,0,7
BRDA:159,17,1,9
BRDA:225,18,0,16
BRDA:225,18,1,1
BRDA:226,19,0,16
BRDA:226,19,1,7
BRDA:232,20,0,16
BRDA:232,20,1,9
BRDA:232,20,2,1
BRDA:235,21,0,16
BRDA:235,21,1,9
BRDA:235,21,2,8
BRDA:240,22,0,3
BRDA:240,22,1,5
BRDA:264,23,0,11
BRDA:264,23,1,0
BRDA:265,24,0,11
BRDA:265,24,1,11
BRDA:268,25,0,11
BRDA:268,25,1,11
BRDA:272,26,0,11
BRDA:272,26,1,11
BRDA:279,27,0,11
BRDA:279,27,1,11
BRDA:279,27,2,0
BRF:60
BRH:48
end_of_record
TN:
SF:src/modules/backoffice/pages/demande-extention/BackofficeDemandeExtentionPage.tsx
FN:3,BackofficeDemandeExtentionPage
FNF:1
FNH:1
FNDA:1,BackofficeDemandeExtentionPage
DA:4,1
LF:1
LH:1
BRF:0
BRH:0
end_of_record
TN:
SF:src/modules/backoffice/pages/demande-extention-detail/BackofficeDemandeExtentionDetailPage.tsx
FN:3,BackofficeDemandeExtentionDetailPage
FNF:1
FNH:1
FNDA:1,BackofficeDemandeExtentionDetailPage
DA:4,1
LF:1
LH:1
BRF:0
BRH:0
end_of_record
TN:
SF:src/modules/backoffice/pages/dossier-detail/BackofficeDossierDetailPage.tsx
FN:4,BackofficeDossierDetailPage
FNF:1
FNH:1
FNDA:1,BackofficeDossierDetailPage
DA:5,1
LF:1
LH:1
BRF:0
BRH:0
end_of_record
TN:
SF:src/modules/backoffice/pages/dossiers/BackofficeDossiersPage.tsx
FN:19,formatDate
FN:26,buildOptions
FN:26,(anonymous_2)
FN:30,(anonymous_3)
FN:31,(anonymous_4)
FN:35,resolveCommercialLabel
FN:39,isAutoAffiliationToReview
FN:43,resolveDetailRoute
FN:47,BackofficeDossiersPage
FN:58,(anonymous_9)
FN:63,(anonymous_10)
FN:69,(anonymous_11)
FN:74,(anonymous_12)
FN:78,(anonymous_13)
FN:81,(anonymous_14)
FN:84,(anonymous_15)
FN:98,(anonymous_16)
FN:102,(anonymous_17)
FN:103,(anonymous_18)
FN:107,(anonymous_19)
FN:108,(anonymous_20)
FN:116,(anonymous_21)
FN:118,(anonymous_22)
FN:131,clearFilters
FN:177,(anonymous_24)
FN:184,(anonymous_25)
FN:185,(anonymous_26)
FN:194,(anonymous_27)
FN:195,(anonymous_28)
FN:238,(anonymous_29)
FN:273,(anonymous_30)
FNF:31
FNH:26
FNDA:6,formatDate
FNDA:14,buildOptions
FNDA:3,(anonymous_2)
FNDA:0,(anonymous_3)
FNDA:3,(anonymous_4)
FNDA:4,resolveCommercialLabel
FNDA:7,isAutoAffiliationToReview
FNDA:1,resolveDetailRoute
FNDA:11,BackofficeDossiersPage
FNDA:4,(anonymous_9)
FNDA:0,(anonymous_10)
FNDA:3,(anonymous_11)
FNDA:1,(anonymous_12)
FNDA:1,(anonymous_13)
FNDA:4,(anonymous_14)
FNDA:4,(anonymous_15)
FNDA:7,(anonymous_16)
FNDA:7,(anonymous_17)
FNDA:4,(anonymous_18)
FNDA:7,(anonymous_19)
FNDA:4,(anonymous_20)
FNDA:8,(anonymous_21)
FNDA:6,(anonymous_22)
FNDA:0,clearFilters
FNDA:1,(anonymous_24)
FNDA:0,(anonymous_25)
FNDA:17,(anonymous_26)
FNDA:0,(anonymous_27)
FNDA:11,(anonymous_28)
FNDA:6,(anonymous_29)
FNDA:1,(anonymous_30)
DA:20,6
DA:21,0
DA:22,0
DA:23,0
DA:26,3
DA:27,14
DA:30,0
DA:31,3
DA:36,4
DA:40,7
DA:44,1
DA:48,11
DA:49,11
DA:50,11
DA:51,11
DA:52,11
DA:53,11
DA:54,11
DA:55,11
DA:56,11
DA:58,11
DA:59,4
DA:60,4
DA:61,0
DA:62,0
DA:63,0
DA:64,0
DA:67,4
DA:68,4
DA:70,3
DA:71,3
DA:74,1
DA:76,3
DA:79,1
DA:82,4
DA:84,4
DA:85,4
DA:89,11
DA:90,0
DA:98,11
DA:99,7
DA:102,11
DA:103,7
DA:107,11
DA:108,7
DA:109,7
DA:116,11
DA:117,8
DA:118,8
DA:119,6
DA:120,6
DA:122,6
DA:127,6
DA:132,0
DA:133,0
DA:134,0
DA:137,11
DA:177,1
DA:184,0
DA:186,17
DA:194,0
DA:196,11
DA:239,6
DA:273,1
LF:64
LH:50
BRDA:20,0,0,6
BRDA:20,0,1,0
BRDA:22,1,0,0
BRDA:22,1,1,0
BRDA:26,2,0,3
BRDA:36,3,0,4
BRDA:36,3,1,4
BRDA:40,4,0,7
BRDA:40,4,1,5
BRDA:60,5,0,0
BRDA:60,5,1,4
BRDA:70,6,0,0
BRDA:70,6,1,3
BRDA:79,7,0,1
BRDA:79,7,1,0
BRDA:82,8,0,4
BRDA:82,8,1,0
BRDA:89,9,0,0
BRDA:89,9,1,11
BRDA:119,10,0,6
BRDA:119,10,1,0
BRDA:120,11,0,6
BRDA:120,11,1,0
BRDA:122,12,0,6
BRDA:122,12,1,2
BRDA:127,13,0,6
BRDA:127,13,1,6
BRDA:127,13,2,6
BRDA:142,14,0,5
BRDA:142,14,1,6
BRDA:146,15,0,5
BRDA:146,15,1,6
BRDA:150,16,0,5
BRDA:150,16,1,6
BRDA:206,17,0,11
BRDA:206,17,1,1
BRDA:207,18,0,11
BRDA:207,18,1,5
BRDA:213,19,0,11
BRDA:213,19,1,6
BRDA:213,19,2,1
BRDA:216,20,0,11
BRDA:216,20,1,6
BRDA:216,20,2,5
BRDA:221,21,0,1
BRDA:221,21,1,4
BRDA:245,22,0,6
BRDA:245,22,1,0
BRDA:246,23,0,6
BRDA:246,23,1,6
BRDA:249,24,0,6
BRDA:249,24,1,6
BRDA:253,25,0,6
BRDA:253,25,1,6
BRDA:260,26,0,6
BRDA:260,26,1,6
BRDA:260,26,2,0
BRF:57
BRH:45
end_of_record
TN:
SF:src/modules/backoffice/pages/history/BackofficeHistoryPage.tsx
FN:17,formatDate
FN:24,isProspectionRequest
FN:28,isExtensionRequest
FN:32,isBackOfficeValidatedRequest
FN:36,isBackOfficeHandledDecision
FN:40,resolveDetailRoute
FN:50,BackofficeHistoryPage
FN:60,(anonymous_7)
FN:64,(anonymous_8)
FN:67,(anonymous_9)
FN:72,(anonymous_10)
FN:76,(anonymous_11)
FN:79,(anonymous_12)
FN:82,(anonymous_13)
FN:88,getRequestTimestamp
FN:95,(anonymous_15)
FN:97,(anonymous_16)
FN:119,(anonymous_17)
FN:120,(anonymous_18)
FN:124,clearFilters
FN:182,(anonymous_20)
FN:189,(anonymous_21)
FN:198,(anonymous_22)
FN:239,(anonymous_23)
FN:264,(anonymous_24)
FNF:25
FNH:21
FNDA:12,formatDate
FNDA:46,isProspectionRequest
FNDA:37,isExtensionRequest
FNDA:25,isBackOfficeValidatedRequest
FNDA:8,isBackOfficeHandledDecision
FNDA:0,resolveDetailRoute
FNDA:14,BackofficeHistoryPage
FNDA:4,(anonymous_7)
FNDA:3,(anonymous_8)
FNDA:8,(anonymous_9)
FNDA:3,(anonymous_10)
FNDA:1,(anonymous_11)
FNDA:4,(anonymous_12)
FNDA:4,(anonymous_13)
FNDA:6,getRequestTimestamp
FNDA:9,(anonymous_15)
FNDA:11,(anonymous_16)
FNDA:17,(anonymous_17)
FNDA:17,(anonymous_18)
FNDA:0,clearFilters
FNDA:1,(anonymous_20)
FNDA:1,(anonymous_21)
FNDA:0,(anonymous_22)
FNDA:12,(anonymous_23)
FNDA:0,(anonymous_24)
DA:18,12
DA:19,0
DA:20,0
DA:21,0
DA:25,46
DA:29,37
DA:33,25
DA:37,8
DA:41,0
DA:42,0
DA:44,0
DA:45,0
DA:47,0
DA:51,14
DA:52,14
DA:53,14
DA:54,14
DA:55,14
DA:56,14
DA:57,14
DA:58,14
DA:60,14
DA:61,4
DA:62,4
DA:63,4
DA:65,3
DA:66,3
DA:69,8
DA:72,3
DA:73,3
DA:74,3
DA:77,1
DA:80,4
DA:82,4
DA:83,4
DA:89,6
DA:90,6
DA:91,0
DA:92,0
DA:95,14
DA:96,9
DA:97,9
DA:99,11
DA:106,11
DA:109,11
DA:114,11
DA:118,14
DA:119,17
DA:120,17
DA:121,14
DA:122,14
DA:125,0
DA:126,0
DA:127,0
DA:130,14
DA:182,1
DA:189,1
DA:198,0
DA:240,12
DA:264,0
LF:60
LH:45
BRDA:18,0,0,12
BRDA:18,0,1,0
BRDA:20,1,0,0
BRDA:20,1,1,0
BRDA:33,2,0,25
BRDA:33,2,1,25
BRDA:37,3,0,8
BRDA:37,3,1,3
BRDA:41,4,0,0
BRDA:41,4,1,0
BRDA:44,5,0,0
BRDA:44,5,1,0
BRDA:65,6,0,0
BRDA:65,6,1,3
BRDA:69,7,0,8
BRDA:69,7,1,7
BRDA:77,8,0,1
BRDA:77,8,1,0
BRDA:80,9,0,4
BRDA:80,9,1,0
BRDA:89,10,0,6
BRDA:89,10,1,6
BRDA:90,11,0,6
BRDA:90,11,1,0
BRDA:92,12,0,0
BRDA:92,12,1,0
BRDA:99,13,0,11
BRDA:99,13,1,3
BRDA:100,14,0,0
BRDA:100,14,1,3
BRDA:102,15,0,3
BRDA:102,15,1,0
BRDA:104,16,0,0
BRDA:104,16,1,0
BRDA:106,17,0,11
BRDA:106,17,1,0
BRDA:107,18,0,0
BRDA:107,18,1,0
BRDA:109,19,0,11
BRDA:109,19,1,2
BRDA:114,20,0,11
BRDA:114,20,1,10
BRDA:114,20,2,10
BRDA:120,21,0,17
BRDA:120,21,1,17
BRDA:135,22,0,6
BRDA:135,22,1,8
BRDA:139,23,0,6
BRDA:139,23,1,8
BRDA:143,24,0,6
BRDA:143,24,1,8
BRDA:147,25,0,6
BRDA:147,25,1,8
BRDA:151,26,0,6
BRDA:151,26,1,8
BRDA:155,27,0,6
BRDA:155,27,1,8
BRDA:208,28,0,14
BRDA:208,28,1,3
BRDA:209,29,0,14
BRDA:209,29,1,6
BRDA:215,30,0,14
BRDA:215,30,1,8
BRDA:215,30,2,2
BRDA:218,31,0,14
BRDA:218,31,1,8
BRDA:218,31,2,6
BRDA:223,32,0,4
BRDA:223,32,1,2
BRDA:246,33,0,12
BRDA:246,33,1,0
BRDA:247,34,0,12
BRDA:247,34,1,12
BRDA:250,35,0,0
BRDA:250,35,1,12
BRDA:251,36,0,12
BRDA:251,36,1,12
BRDA:261,37,0,12
BRDA:261,37,1,0
BRF:79
BRH:56
end_of_record
TN:
SF:src/modules/backoffice/pages/overview/BackofficeOverviewPage.tsx
FN:40,startOfWeek
FN:47,isSameWeek
FN:52,parseDate
FN:61,isReclamationHandledByCurrentBackOffice
FN:78,isReclamationVisibleToCurrentBackOffice
FN:88,weeksOfMonth
FN:103,(anonymous_6)
FN:108,BackofficeOverviewPage
FN:125,(anonymous_8)
FN:127,(anonymous_9)
FN:138,(anonymous_10)
FN:147,(anonymous_11)
FN:152,(anonymous_12)
FN:155,(anonymous_13)
FN:158,(anonymous_14)
FN:166,(anonymous_15)
FN:170,(anonymous_16)
FN:173,(anonymous_17)
FN:176,(anonymous_18)
FN:201,(anonymous_19)
FN:206,(anonymous_20)
FN:208,(anonymous_21)
FN:211,(anonymous_22)
FN:212,(anonymous_23)
FN:217,(anonymous_24)
FN:218,(anonymous_25)
FN:229,(anonymous_26)
FN:231,(anonymous_27)
FN:232,(anonymous_28)
FN:233,(anonymous_29)
FN:238,(anonymous_30)
FN:239,(anonymous_31)
FN:248,(anonymous_32)
FN:250,(anonymous_33)
FN:255,(anonymous_34)
FN:259,(anonymous_35)
FN:260,(anonymous_36)
FN:265,(anonymous_37)
FN:266,(anonymous_38)
FN:274,(anonymous_39)
FN:276,(anonymous_40)
FN:279,(anonymous_41)
FN:280,(anonymous_42)
FN:286,(anonymous_43)
FN:287,(anonymous_44)
FN:292,pilotageBarOptions
FN:311,(anonymous_46)
FN:314,(anonymous_47)
FN:322,(anonymous_48)
FN:323,(anonymous_49)
FN:325,(anonymous_50)
FN:342,(anonymous_51)
FN:343,(anonymous_52)
FN:345,(anonymous_53)
FN:362,(anonymous_54)
FN:363,(anonymous_55)
FN:365,(anonymous_56)
FN:382,(anonymous_57)
FN:386,(anonymous_58)
FN:393,(anonymous_59)
FN:405,(anonymous_60)
FN:406,(anonymous_61)
FN:425,(anonymous_62)
FN:426,(anonymous_63)
FN:448,(anonymous_64)
FN:450,(anonymous_65)
FN:460,(anonymous_66)
FN:462,(anonymous_67)
FN:477,(anonymous_68)
FN:495,(anonymous_69)
FN:513,(anonymous_70)
FN:531,(anonymous_71)
FNF:72
FNH:59
FNDA:144,startOfWeek
FNDA:18,isSameWeek
FNDA:18,parseDate
FNDA:4,isReclamationHandledByCurrentBackOffice
FNDA:3,isReclamationVisibleToCurrentBackOffice
FNDA:63,weeksOfMonth
FNDA:12,(anonymous_6)
FNDA:36,BackofficeOverviewPage
FNDA:11,(anonymous_8)
FNDA:22,(anonymous_9)
FNDA:11,(anonymous_10)
FNDA:10,(anonymous_11)
FNDA:1,(anonymous_12)
FNDA:11,(anonymous_13)
FNDA:11,(anonymous_14)
FNDA:11,(anonymous_15)
FNDA:10,(anonymous_16)
FNDA:0,(anonymous_17)
FNDA:10,(anonymous_18)
FNDA:21,(anonymous_19)
FNDA:21,(anonymous_20)
FNDA:9,(anonymous_21)
FNDA:126,(anonymous_22)
FNDA:12,(anonymous_23)
FNDA:630,(anonymous_24)
FNDA:10,(anonymous_25)
FNDA:21,(anonymous_26)
FNDA:3,(anonymous_27)
FNDA:126,(anonymous_28)
FNDA:6,(anonymous_29)
FNDA:756,(anonymous_30)
FNDA:6,(anonymous_31)
FNDA:21,(anonymous_32)
FNDA:252,(anonymous_33)
FNDA:9,(anonymous_34)
FNDA:252,(anonymous_35)
FNDA:0,(anonymous_36)
FNDA:1260,(anonymous_37)
FNDA:0,(anonymous_38)
FNDA:21,(anonymous_39)
FNDA:3,(anonymous_40)
FNDA:126,(anonymous_41)
FNDA:0,(anonymous_42)
FNDA:0,(anonymous_43)
FNDA:0,(anonymous_44)
FNDA:40,pilotageBarOptions
FNDA:29,(anonymous_46)
FNDA:0,(anonymous_47)
FNDA:60,(anonymous_48)
FNDA:50,(anonymous_49)
FNDA:300,(anonymous_50)
FNDA:60,(anonymous_51)
FNDA:60,(anonymous_52)
FNDA:360,(anonymous_53)
FNDA:120,(anonymous_54)
FNDA:50,(anonymous_55)
FNDA:600,(anonymous_56)
FNDA:60,(anonymous_57)
FNDA:60,(anonymous_58)
FNDA:60,(anonymous_59)
FNDA:11,(anonymous_60)
FNDA:40,(anonymous_61)
FNDA:1,(anonymous_62)
FNDA:0,(anonymous_63)
FNDA:0,(anonymous_64)
FNDA:54,(anonymous_65)
FNDA:0,(anonymous_66)
FNDA:216,(anonymous_67)
FNDA:1,(anonymous_68)
FNDA:0,(anonymous_69)
FNDA:0,(anonymous_70)
FNDA:0,(anonymous_71)
DA:11,1
DA:15,1
DA:17,1
DA:25,1
DA:34,1
DA:41,144
DA:42,144
DA:43,144
DA:44,144
DA:48,18
DA:49,18
DA:53,18
DA:54,18
DA:55,18
DA:65,4
DA:82,3
DA:83,3
DA:84,2
DA:89,63
DA:90,63
DA:91,63
DA:92,63
DA:93,63
DA:94,63
DA:95,63
DA:96,378
DA:97,378
DA:98,378
DA:100,63
DA:103,12
DA:109,36
DA:110,36
DA:111,36
DA:112,36
DA:113,36
DA:114,36
DA:115,36
DA:117,36
DA:118,36
DA:119,36
DA:120,36
DA:122,36
DA:123,36
DA:124,36
DA:125,36
DA:126,11
DA:127,22
DA:130,36
DA:132,36
DA:133,36
DA:134,36
DA:135,36
DA:136,36
DA:138,36
DA:139,11
DA:140,11
DA:142,11
DA:146,11
DA:148,10
DA:149,10
DA:150,10
DA:153,1
DA:156,11
DA:158,11
DA:159,11
DA:166,36
DA:167,11
DA:168,10
DA:169,10
DA:171,10
DA:174,0
DA:176,10
DA:177,10
DA:201,36
DA:202,21
DA:206,36
DA:207,21
DA:208,21
DA:209,9
DA:211,21
DA:212,126
DA:213,12
DA:214,12
DA:216,126
DA:217,126
DA:218,630
DA:220,126
DA:229,36
DA:230,21
DA:231,21
DA:232,21
DA:233,126
DA:234,6
DA:235,6
DA:237,126
DA:238,126
DA:239,756
DA:241,126
DA:248,36
DA:249,21
DA:250,252
DA:255,21
DA:256,9
DA:259,21
DA:260,252
DA:261,0
DA:262,0
DA:264,252
DA:265,252
DA:266,1260
DA:268,252
DA:274,36
DA:275,21
DA:276,21
DA:277,3
DA:279,21
DA:280,126
DA:281,0
DA:282,0
DA:284,126
DA:286,0
DA:287,0
DA:293,40
DA:311,36
DA:312,29
DA:314,11
DA:317,11
DA:318,10
DA:322,60
DA:323,50
DA:325,300
DA:337,11
DA:338,10
DA:342,60
DA:343,60
DA:345,360
DA:357,11
DA:358,10
DA:362,120
DA:363,50
DA:365,600
DA:377,11
DA:378,10
DA:382,60
DA:386,60
DA:393,60
DA:405,11
DA:406,40
DA:417,36
DA:425,1
DA:426,0
DA:448,0
DA:451,54
DA:460,0
DA:463,216
DA:477,1
DA:495,0
DA:513,0
DA:531,0
LF:159
LH:146
BRDA:43,0,0,0
BRDA:43,0,1,144
BRDA:53,1,0,0
BRDA:53,1,1,18
BRDA:55,2,0,0
BRDA:55,2,1,18
BRDA:66,3,0,4
BRDA:66,3,1,2
BRDA:82,4,0,3
BRDA:82,4,1,1
BRDA:83,5,0,1
BRDA:83,5,1,2
BRDA:115,6,0,36
BRDA:115,6,1,2
BRDA:130,7,0,36
BRDA:130,7,1,0
BRDA:142,8,0,10
BRDA:142,8,1,1
BRDA:148,9,0,0
BRDA:148,9,1,10
BRDA:149,10,0,10
BRDA:149,10,1,0
BRDA:153,11,0,1
BRDA:153,11,1,0
BRDA:156,12,0,11
BRDA:156,12,1,0
BRDA:167,13,0,1
BRDA:167,13,1,10
BRDA:171,14,0,10
BRDA:171,14,1,0
BRDA:171,15,0,10
BRDA:171,15,1,0
BRDA:174,16,0,0
BRDA:174,16,1,0
BRDA:209,17,0,9
BRDA:209,17,1,7
BRDA:214,18,0,12
BRDA:214,18,1,12
BRDA:235,19,0,6
BRDA:235,19,1,6
BRDA:256,20,0,9
BRDA:256,20,1,8
BRDA:256,20,2,6
BRDA:261,21,0,0
BRDA:261,21,1,0
BRDA:262,22,0,0
BRDA:262,22,1,0
BRDA:262,22,2,0
BRDA:277,23,0,3
BRDA:277,23,1,1
BRDA:277,23,2,2
BRDA:281,24,0,0
BRDA:281,24,1,0
BRDA:282,25,0,0
BRDA:282,25,1,0
BRDA:312,26,0,18
BRDA:312,26,1,11
BRDA:312,27,0,29
BRDA:312,27,1,11
BRDA:317,28,0,10
BRDA:317,28,1,1
BRDA:337,29,0,10
BRDA:337,29,1,1
BRDA:357,30,0,10
BRDA:357,30,1,1
BRDA:377,31,0,10
BRDA:377,31,1,1
BRDA:419,32,0,36
BRDA:419,32,1,3
BRDA:420,33,0,36
BRDA:420,33,1,18
BRDA:420,33,2,6
BRDA:426,34,0,0
BRDA:426,34,1,0
BRDA:426,35,0,0
BRDA:426,35,1,0
BRDA:429,36,0,6
BRDA:429,36,1,0
BRDA:433,37,0,36
BRDA:433,37,1,18
BRDA:440,38,0,36
BRDA:440,38,1,18
BRDA:440,38,2,18
BRDA:470,39,0,18
BRDA:470,39,1,17
BRDA:488,40,0,18
BRDA:488,40,1,17
BRDA:506,41,0,18
BRDA:506,41,1,17
BRDA:524,42,0,18
BRDA:524,42,1,17
BRF:91
BRH:65
end_of_record
TN:
SF:src/modules/backoffice/pages/profile/BackofficeProfilePage.tsx
FN:7,BackofficeProfilePage
FN:19,(anonymous_1)
FN:64,(anonymous_2)
FNF:3
FNH:3
FNDA:2,BackofficeProfilePage
FNDA:2,(anonymous_1)
FNDA:8,(anonymous_2)
DA:8,2
DA:10,2
DA:11,2
DA:13,2
DA:15,2
DA:16,2
DA:17,2
DA:19,2
DA:20,2
DA:21,2
DA:22,2
DA:23,2
DA:24,2
DA:25,0
DA:28,2
DA:35,2
DA:65,8
LF:17
LH:16
BRDA:15,0,0,2
BRDA:15,0,1,0
BRDA:15,0,2,0
BRDA:16,1,0,2
BRDA:16,1,1,0
BRDA:17,2,0,2
BRDA:17,2,1,0
BRDA:20,3,0,2
BRDA:20,3,1,0
BRDA:20,3,2,0
BRDA:22,4,0,0
BRDA:22,4,1,2
BRDA:24,5,0,2
BRDA:24,5,1,0
BRDA:29,6,0,2
BRDA:29,6,1,0
BRDA:30,7,0,2
BRDA:30,7,1,0
BRDA:32,8,0,2
BRDA:32,8,1,0
BRDA:32,9,0,2
BRDA:32,9,1,0
BRDA:46,10,0,2
BRDA:46,10,1,0
BRDA:47,11,0,2
BRDA:47,11,1,0
BRDA:69,12,0,2
BRDA:69,12,1,6
BRDA:85,13,0,2
BRDA:85,13,1,1
BRDA:95,14,0,2
BRDA:95,14,1,0
BRF:32
BRH:17
end_of_record
TN:
SF:src/modules/backoffice/pages/reclamation-history/BackofficeReclamationHistoryPage.tsx
FN:13,formatDate
FN:20,PrioBadge
FN:29,StatusBadge
FN:36,BackofficeReclamationHistoryPage
FN:48,(anonymous_4)
FN:57,(anonymous_5)
FN:58,(anonymous_6)
FN:67,(anonymous_7)
FN:69,handleViewPdf
FN:82,(anonymous_9)
FN:84,(anonymous_10)
FN:95,(anonymous_11)
FN:101,(anonymous_12)
FN:108,(anonymous_13)
FN:109,(anonymous_14)
FN:132,(anonymous_15)
FN:143,(anonymous_16)
FN:149,(anonymous_17)
FN:157,(anonymous_18)
FN:213,(anonymous_19)
FN:259,(anonymous_20)
FN:273,(anonymous_21)
FN:278,(anonymous_22)
FN:294,(anonymous_23)
FN:294,(anonymous_24)
FN:304,(anonymous_25)
FN:304,(anonymous_26)
FNF:27
FNH:17
FNDA:4,formatDate
FNDA:2,PrioBadge
FNDA:2,StatusBadge
FNDA:4,BackofficeReclamationHistoryPage
FNDA:2,(anonymous_4)
FNDA:2,(anonymous_5)
FNDA:1,(anonymous_6)
FNDA:2,(anonymous_7)
FNDA:0,handleViewPdf
FNDA:3,(anonymous_9)
FNDA:2,(anonymous_10)
FNDA:2,(anonymous_11)
FNDA:3,(anonymous_12)
FNDA:2,(anonymous_13)
FNDA:2,(anonymous_14)
FNDA:2,(anonymous_15)
FNDA:0,(anonymous_16)
FNDA:0,(anonymous_17)
FNDA:0,(anonymous_18)
FNDA:2,(anonymous_19)
FNDA:0,(anonymous_20)
FNDA:3,(anonymous_21)
FNDA:0,(anonymous_22)
FNDA:0,(anonymous_23)
FNDA:0,(anonymous_24)
FNDA:0,(anonymous_25)
FNDA:0,(anonymous_26)
DA:11,1
DA:14,4
DA:15,4
DA:16,4
DA:17,4
DA:21,2
DA:30,2
DA:33,2
DA:37,4
DA:38,4
DA:39,4
DA:40,4
DA:42,4
DA:43,4
DA:44,4
DA:45,4
DA:46,4
DA:48,4
DA:49,2
DA:50,2
DA:51,2
DA:52,2
DA:56,1
DA:57,2
DA:58,1
DA:59,1
DA:61,1
DA:63,2
DA:67,4
DA:72,0
DA:73,0
DA:74,0
DA:75,0
DA:77,0
DA:78,0
DA:82,4
DA:83,3
DA:84,3
DA:85,2
DA:86,2
DA:87,2
DA:91,2
DA:95,4
DA:96,2
DA:99,4
DA:100,4
DA:101,4
DA:102,3
DA:103,3
DA:105,4
DA:106,4
DA:108,4
DA:109,4
DA:111,4
DA:132,2
DA:143,0
DA:149,0
DA:157,0
DA:214,2
DA:259,0
DA:274,3
DA:279,0
DA:280,0
DA:281,0
DA:294,0
DA:304,0
LF:66
LH:51
BRDA:14,0,0,0
BRDA:14,0,1,4
BRDA:16,1,0,0
BRDA:16,1,1,4
BRDA:33,2,0,2
BRDA:33,2,1,0
BRDA:85,3,0,2
BRDA:85,3,1,0
BRDA:86,4,0,2
BRDA:86,4,1,0
BRDA:87,5,0,2
BRDA:87,5,1,0
BRDA:91,6,0,2
BRDA:91,6,1,2
BRDA:91,6,2,2
BRDA:172,7,0,4
BRDA:172,7,1,1
BRDA:178,8,0,4
BRDA:178,8,1,0
BRDA:181,9,0,4
BRDA:181,9,1,2
BRDA:188,10,0,4
BRDA:188,10,1,2
BRDA:188,10,2,1
BRDA:194,11,0,4
BRDA:194,11,1,2
BRDA:194,11,2,1
BRDA:219,12,0,2
BRDA:219,12,1,0
BRDA:220,13,0,0
BRDA:220,13,1,2
BRDA:221,14,0,2
BRDA:221,14,1,0
BRDA:224,15,0,0
BRDA:224,15,1,2
BRDA:227,16,0,0
BRDA:227,16,1,0
BRDA:229,17,0,0
BRDA:229,17,1,2
BRDA:237,18,0,0
BRDA:237,18,1,2
BRDA:240,19,0,0
BRDA:240,19,1,0
BRDA:249,20,0,2
BRDA:249,20,1,0
BRDA:250,21,0,0
BRDA:250,21,1,2
BRDA:277,22,0,1
BRDA:277,22,1,2
BRDA:279,23,0,0
BRDA:279,23,1,0
BRF:51
BRH:30
end_of_record
TN:
SF:src/modules/backoffice/pages/reclamations/BackofficeReclamationsPage.tsx
FN:19,formatDate
FN:26,PrioBadge
FN:35,StatusBadge
FN:42,BackofficeReclamationsPage
FN:56,(anonymous_4)
FN:65,(anonymous_5)
FN:66,(anonymous_6)
FN:76,(anonymous_7)
FN:78,handleUpdateStatut
FN:93,handleViewPdf
FN:107,(anonymous_10)
FN:109,(anonymous_11)
FN:120,(anonymous_12)
FN:126,(anonymous_13)
FN:165,(anonymous_14)
FN:171,(anonymous_15)
FN:181,(anonymous_16)
FN:235,(anonymous_17)
FN:272,(anonymous_18)
FN:281,(anonymous_19)
FN:289,(anonymous_20)
FN:303,(anonymous_21)
FN:308,(anonymous_22)
FN:324,(anonymous_23)
FN:324,(anonymous_24)
FN:334,(anonymous_25)
FN:334,(anonymous_26)
FNF:27
FNH:16
FNDA:12,formatDate
FNDA:9,PrioBadge
FNDA:9,StatusBadge
FNDA:16,BackofficeReclamationsPage
FNDA:5,(anonymous_4)
FNDA:0,(anonymous_5)
FNDA:2,(anonymous_6)
FNDA:4,(anonymous_7)
FNDA:1,handleUpdateStatut
FNDA:0,handleViewPdf
FNDA:9,(anonymous_10)
FNDA:8,(anonymous_11)
FNDA:5,(anonymous_12)
FNDA:9,(anonymous_13)
FNDA:1,(anonymous_14)
FNDA:0,(anonymous_15)
FNDA:0,(anonymous_16)
FNDA:12,(anonymous_17)
FNDA:0,(anonymous_18)
FNDA:1,(anonymous_19)
FNDA:0,(anonymous_20)
FNDA:27,(anonymous_21)
FNDA:0,(anonymous_22)
FNDA:0,(anonymous_23)
FNDA:0,(anonymous_24)
FNDA:0,(anonymous_25)
FNDA:0,(anonymous_26)
DA:17,1
DA:20,12
DA:21,12
DA:22,12
DA:23,12
DA:27,9
DA:36,9
DA:39,9
DA:43,16
DA:44,16
DA:45,16
DA:46,16
DA:47,16
DA:48,16
DA:50,16
DA:51,16
DA:52,16
DA:53,16
DA:54,16
DA:56,16
DA:57,5
DA:58,5
DA:59,5
DA:60,5
DA:65,4
DA:66,4
DA:67,4
DA:68,4
DA:70,1
DA:72,5
DA:76,16
DA:79,1
DA:80,1
DA:81,1
DA:82,1
DA:83,1
DA:84,1
DA:85,1
DA:87,0
DA:89,1
DA:97,0
DA:98,0
DA:99,0
DA:100,0
DA:102,0
DA:103,0
DA:107,16
DA:108,9
DA:109,9
DA:110,8
DA:111,8
DA:112,8
DA:116,8
DA:120,16
DA:121,5
DA:124,16
DA:125,16
DA:126,16
DA:127,9
DA:128,9
DA:130,16
DA:131,16
DA:133,16
DA:165,1
DA:171,0
DA:181,0
DA:236,12
DA:272,0
DA:281,1
DA:289,0
DA:304,27
DA:309,0
DA:310,0
DA:311,0
DA:324,0
DA:334,0
LF:76
LH:60
BRDA:20,0,0,0
BRDA:20,0,1,12
BRDA:22,1,0,0
BRDA:22,1,1,12
BRDA:39,2,0,9
BRDA:39,2,1,0
BRDA:84,3,0,1
BRDA:84,3,1,0
BRDA:110,4,0,8
BRDA:110,4,1,0
BRDA:111,5,0,8
BRDA:111,5,1,0
BRDA:112,6,0,8
BRDA:112,6,1,2
BRDA:116,7,0,8
BRDA:116,7,1,8
BRDA:116,7,2,8
BRDA:139,8,0,16
BRDA:139,8,1,16
BRDA:144,9,0,16
BRDA:144,9,1,16
BRDA:149,10,0,16
BRDA:149,10,1,16
BRDA:154,11,0,16
BRDA:154,11,1,16
BRDA:197,12,0,16
BRDA:197,12,1,2
BRDA:198,13,0,16
BRDA:198,13,1,3
BRDA:204,14,0,9
BRDA:204,14,1,7
BRDA:207,15,0,16
BRDA:207,15,1,5
BRDA:214,16,0,16
BRDA:214,16,1,11
BRDA:214,16,2,2
BRDA:218,17,0,16
BRDA:218,17,1,11
BRDA:218,17,2,9
BRDA:244,18,0,12
BRDA:244,18,1,0
BRDA:245,19,0,0
BRDA:245,19,1,12
BRDA:246,20,0,12
BRDA:246,20,1,0
BRDA:249,21,0,0
BRDA:249,21,1,12
BRDA:252,22,0,0
BRDA:252,22,1,0
BRDA:254,23,0,0
BRDA:254,23,1,12
BRDA:263,24,0,12
BRDA:263,24,1,0
BRDA:307,25,0,9
BRDA:307,25,1,18
BRDA:309,26,0,0
BRDA:309,26,1,0
BRF:57
BRH:41
end_of_record
TN:
SF:src/modules/backoffice/pages/tpe-to-assign/BackofficeTpeToAssignPage.tsx
FN:18,formatDate
FN:28,resolveDetailRoute
FN:35,BackofficeTpeToAssignPage
FN:45,(anonymous_3)
FN:49,(anonymous_4)
FN:52,(anonymous_5)
FN:56,(anonymous_6)
FN:64,(anonymous_7)
FN:67,(anonymous_8)
FN:70,(anonymous_9)
FN:76,(anonymous_10)
FN:78,(anonymous_11)
FN:93,(anonymous_12)
FN:94,(anonymous_13)
FN:97,clearFilters
FN:144,(anonymous_15)
FN:153,(anonymous_16)
FN:169,(anonymous_17)
FN:219,(anonymous_18)
FN:241,(anonymous_19)
FNF:20
FNH:15
FNDA:6,formatDate
FNDA:0,resolveDetailRoute
FNDA:15,BackofficeTpeToAssignPage
FNDA:6,(anonymous_3)
FNDA:5,(anonymous_4)
FNDA:9,(anonymous_5)
FNDA:1,(anonymous_6)
FNDA:1,(anonymous_7)
FNDA:6,(anonymous_8)
FNDA:6,(anonymous_9)
FNDA:12,(anonymous_10)
FNDA:7,(anonymous_11)
FNDA:7,(anonymous_12)
FNDA:7,(anonymous_13)
FNDA:0,clearFilters
FNDA:0,(anonymous_15)
FNDA:0,(anonymous_16)
FNDA:1,(anonymous_17)
FNDA:6,(anonymous_18)
FNDA:0,(anonymous_19)
DA:19,6
DA:20,0
DA:21,0
DA:22,0
DA:29,0
DA:30,0
DA:32,0
DA:36,15
DA:37,15
DA:38,15
DA:39,15
DA:40,15
DA:41,15
DA:42,15
DA:43,15
DA:45,15
DA:46,6
DA:47,6
DA:48,6
DA:50,5
DA:51,5
DA:54,9
DA:57,1
DA:58,1
DA:59,1
DA:61,5
DA:62,5
DA:65,1
DA:68,6
DA:70,6
DA:71,6
DA:76,15
DA:77,12
DA:78,12
DA:79,7
DA:81,7
DA:84,7
DA:89,7
DA:93,15
DA:94,15
DA:95,15
DA:98,0
DA:99,0
DA:100,0
DA:103,15
DA:144,0
DA:153,0
DA:169,1
DA:220,6
DA:241,0
LF:50
LH:38
BRDA:19,0,0,6
BRDA:19,0,1,0
BRDA:21,1,0,0
BRDA:21,1,1,0
BRDA:29,2,0,0
BRDA:29,2,1,0
BRDA:50,3,0,0
BRDA:50,3,1,5
BRDA:54,4,0,9
BRDA:54,4,1,6
BRDA:57,5,0,1
BRDA:57,5,1,1
BRDA:57,5,2,1
BRDA:58,6,0,1
BRDA:58,6,1,1
BRDA:58,6,2,1
BRDA:59,7,0,1
BRDA:59,7,1,1
BRDA:65,8,0,1
BRDA:65,8,1,0
BRDA:68,9,0,6
BRDA:68,9,1,0
BRDA:79,10,0,7
BRDA:79,10,1,0
BRDA:81,11,0,7
BRDA:81,11,1,2
BRDA:82,12,0,2
BRDA:82,12,1,0
BRDA:84,13,0,7
BRDA:84,13,1,0
BRDA:89,14,0,7
BRDA:89,14,1,7
BRDA:89,14,2,6
BRDA:108,15,0,7
BRDA:108,15,1,8
BRDA:111,16,0,2
BRDA:111,16,1,13
BRDA:111,17,0,15
BRDA:111,17,1,8
BRDA:112,18,0,0
BRDA:112,18,1,2
BRDA:118,19,0,7
BRDA:118,19,1,8
BRDA:123,20,0,7
BRDA:123,20,1,8
BRDA:129,21,0,15
BRDA:129,21,1,3
BRDA:184,22,0,15
BRDA:184,22,1,7
BRDA:190,23,0,15
BRDA:190,23,1,8
BRDA:190,23,2,3
BRDA:195,24,0,15
BRDA:195,24,1,8
BRDA:195,24,2,5
BRDA:201,25,0,1
BRDA:201,25,1,4
BRDA:223,26,0,2
BRDA:223,26,1,4
BRDA:226,27,0,6
BRDA:226,27,1,0
BRDA:227,28,0,6
BRDA:227,28,1,6
BRF:63
BRH:50
end_of_record
TN:
SF:src/modules/backoffice/services/reclamationsApi.ts
FN:52,getReclamations
FN:62,getReclamationStats
FN:93,getReclamationDashboard
FN:102,updateReclamationStatut
FN:110,fetchReclamationPdfBlob
FNF:5
FNH:4
FNDA:4,getReclamations
FNDA:1,getReclamationStats
FNDA:3,getReclamationDashboard
FNDA:1,updateReclamationStatut
FNDA:0,fetchReclamationPdfBlob
DA:4,1
DA:53,4
DA:54,4
DA:55,4
DA:56,4
DA:57,4
DA:58,4
DA:59,4
DA:63,1
DA:64,1
DA:94,3
DA:95,3
DA:96,3
DA:97,3
DA:98,3
DA:99,3
DA:103,1
DA:104,1
DA:111,0
DA:112,0
LF:20
LH:18
BRDA:54,0,0,2
BRDA:54,0,1,2
BRDA:55,1,0,1
BRDA:55,1,1,3
BRDA:56,2,0,1
BRDA:56,2,1,3
BRDA:57,3,0,2
BRDA:57,3,1,2
BRDA:95,4,0,1
BRDA:95,4,1,2
BRDA:96,5,0,1
BRDA:96,5,1,2
BRDA:97,6,0,1
BRDA:97,6,1,2
BRF:14
BRH:14
end_of_record
TN:
SF:src/modules/commercant/CommercantDashboard.tsx
FN:16,CommercantDashboard
FN:34,(anonymous_1)
FN:44,(anonymous_2)
FN:54,handleNotificationMenuOpened
FN:70,(anonymous_4)
FN:73,(anonymous_5)
FN:74,(anonymous_6)
FN:77,(anonymous_7)
FN:98,(anonymous_8)
FN:102,(anonymous_9)
FN:119,loadSession
FN:202,(anonymous_11)
FN:211,(anonymous_12)
FNF:13
FNH:9
FNDA:41,CommercantDashboard
FNDA:1,(anonymous_1)
FNDA:7,(anonymous_2)
FNDA:0,handleNotificationMenuOpened
FNDA:18,(anonymous_4)
FNDA:0,(anonymous_5)
FNDA:7,(anonymous_6)
FNDA:11,(anonymous_7)
FNDA:10,(anonymous_8)
FNDA:30,(anonymous_9)
FNDA:10,loadSession
FNDA:0,(anonymous_11)
FNDA:0,(anonymous_12)
DA:17,41
DA:18,41
DA:19,41
DA:21,41
DA:22,41
DA:23,41
DA:24,41
DA:25,41
DA:26,41
DA:28,41
DA:34,41
DA:44,41
DA:45,7
DA:46,7
DA:47,7
DA:48,7
DA:55,0
DA:56,0
DA:57,0
DA:58,0
DA:70,41
DA:71,18
DA:72,7
DA:73,7
DA:74,7
DA:77,41
DA:78,11
DA:90,11
DA:91,11
DA:92,11
DA:93,11
DA:94,11
DA:98,41
DA:99,10
DA:102,41
DA:103,30
DA:104,11
DA:106,9
DA:107,9
DA:109,30
DA:110,1
DA:111,1
DA:114,8
DA:115,0
DA:120,10
DA:130,10
DA:131,10
DA:132,10
DA:133,10
DA:134,9
DA:135,9
DA:137,1
DA:138,0
DA:139,0
DA:140,0
DA:145,10
DA:149,41
DA:150,41
DA:154,41
DA:155,41
DA:157,41
DA:191,41
DA:202,0
DA:211,0
DA:218,41
LF:65
LH:55
BRDA:36,0,0,1
BRDA:36,0,1,0
BRDA:71,1,0,11
BRDA:71,1,1,7
BRDA:71,2,0,18
BRDA:71,2,1,9
BRDA:92,3,0,11
BRDA:92,3,1,0
BRDA:103,4,0,19
BRDA:103,4,1,11
BRDA:103,5,0,30
BRDA:103,5,1,11
BRDA:104,6,0,2
BRDA:104,6,1,9
BRDA:107,7,0,9
BRDA:107,7,1,8
BRDA:109,8,0,1
BRDA:109,8,1,29
BRDA:109,9,0,30
BRDA:109,9,1,2
BRDA:114,10,0,0
BRDA:114,10,1,8
BRDA:114,11,0,8
BRDA:114,11,1,7
BRDA:131,12,0,8
BRDA:131,12,1,2
BRDA:137,13,0,0
BRDA:137,13,1,1
BRDA:157,14,0,4
BRDA:157,14,1,37
BRDA:160,15,0,0
BRDA:160,15,1,4
BRDA:165,16,0,17
BRDA:165,16,1,20
BRDA:169,17,0,2
BRDA:169,17,1,15
BRDA:181,18,0,2
BRDA:181,18,1,15
BRDA:191,19,0,2
BRDA:191,19,1,39
BRDA:193,20,0,0
BRDA:193,20,1,2
BRDA:201,21,0,2
BRDA:201,21,1,0
BRDA:210,22,0,0
BRDA:210,22,1,2
BRDA:220,23,0,4
BRDA:220,23,1,37
BRF:48
BRH:40
end_of_record
TN:
SF:src/modules/commercant/pages/mes-reclamations/CommercantMesReclamationsPage.tsx
FN:25,formatDate
FN:32,PrioBadge
FN:41,StatusBadge
FN:51,CommercantMesReclamationsPage
FN:57,(anonymous_4)
FN:62,(anonymous_5)
FN:70,(anonymous_6)
FN:72,handleViewPdf
FN:85,handleDownloadPdf
FN:94,(anonymous_9)
FN:94,(anonymous_10)
FN:95,(anonymous_11)
FN:95,(anonymous_12)
FN:97,(anonymous_13)
FN:98,(anonymous_14)
FN:99,(anonymous_15)
FN:128,(anonymous_16)
FN:179,(anonymous_17)
FN:198,(anonymous_18)
FN:206,(anonymous_19)
FNF:20
FNH:20
FNDA:20,formatDate
FNDA:7,PrioBadge
FNDA:7,StatusBadge
FNDA:20,CommercantMesReclamationsPage
FNDA:7,(anonymous_4)
FNDA:2,(anonymous_5)
FNDA:7,(anonymous_6)
FNDA:1,handleViewPdf
FNDA:2,handleDownloadPdf
FNDA:13,(anonymous_9)
FNDA:8,(anonymous_10)
FNDA:13,(anonymous_11)
FNDA:8,(anonymous_12)
FNDA:14,(anonymous_13)
FNDA:8,(anonymous_14)
FNDA:2,(anonymous_15)
FNDA:1,(anonymous_16)
FNDA:10,(anonymous_17)
FNDA:1,(anonymous_18)
FNDA:2,(anonymous_19)
DA:16,1
DA:26,20
DA:27,10
DA:28,10
DA:29,10
DA:33,7
DA:42,7
DA:45,7
DA:48,1
DA:49,1
DA:52,20
DA:53,20
DA:54,20
DA:55,20
DA:57,20
DA:58,7
DA:59,7
DA:60,7
DA:61,7
DA:62,6
DA:64,1
DA:66,7
DA:70,20
DA:75,1
DA:76,1
DA:77,1
DA:78,1
DA:80,0
DA:81,0
DA:86,2
DA:87,2
DA:88,1
DA:90,1
DA:94,20
DA:95,20
DA:97,20
DA:98,14
DA:99,2
DA:100,0
DA:103,20
DA:128,1
DA:180,10
DA:198,1
DA:206,2
LF:44
LH:41
BRDA:26,0,0,10
BRDA:26,0,1,10
BRDA:28,1,0,0
BRDA:28,1,1,10
BRDA:45,2,0,7
BRDA:45,2,1,0
BRDA:88,3,0,1
BRDA:88,3,1,0
BRDA:98,4,0,13
BRDA:98,4,1,1
BRDA:99,5,0,1
BRDA:99,5,1,0
BRDA:139,6,0,20
BRDA:139,6,1,3
BRDA:145,7,0,10
BRDA:145,7,1,10
BRDA:148,8,0,20
BRDA:148,8,1,7
BRDA:155,9,0,20
BRDA:155,9,1,13
BRDA:155,9,2,3
BRDA:157,10,0,3
BRDA:157,10,1,0
BRDA:163,11,0,20
BRDA:163,11,1,13
BRDA:163,11,2,10
BRDA:184,12,0,10
BRDA:184,12,1,0
BRDA:187,13,0,10
BRDA:187,13,1,10
BRDA:188,14,0,0
BRDA:188,14,1,10
BRF:32
BRH:25
end_of_record
TN:
SF:src/modules/commercant/pages/overview/CommercantOverviewPage.tsx
FN:29,buildMonthlyChart
FN:42,(anonymous_1)
FN:70,buildPdvChart
FN:76,(anonymous_3)
FN:81,(anonymous_4)
FN:98,buildTpeChart
FN:100,(anonymous_6)
FN:104,(anonymous_7)
FN:105,(anonymous_8)
FN:124,buildTpeByPdvChart
FN:131,(anonymous_10)
FN:132,(anonymous_11)
FN:137,(anonymous_12)
FN:156,chartOptions
FN:172,CommercantOverviewPage
FN:195,(anonymous_15)
FN:203,(anonymous_16)
FN:204,(anonymous_17)
FN:213,(anonymous_18)
FN:222,(anonymous_19)
FN:224,(anonymous_20)
FNF:21
FNH:20
FNDA:4,buildMonthlyChart
FNDA:24,(anonymous_1)
FNDA:4,buildPdvChart
FNDA:4,(anonymous_3)
FNDA:4,(anonymous_4)
FNDA:4,buildTpeChart
FNDA:4,(anonymous_6)
FNDA:2,(anonymous_7)
FNDA:2,(anonymous_8)
FNDA:4,buildTpeByPdvChart
FNDA:2,(anonymous_10)
FNDA:2,(anonymous_11)
FNDA:2,(anonymous_12)
FNDA:16,chartOptions
FNDA:7,CommercantOverviewPage
FNDA:2,(anonymous_15)
FNDA:7,(anonymous_16)
FNDA:0,(anonymous_17)
FNDA:4,(anonymous_18)
FNDA:5,(anonymous_19)
FNDA:16,(anonymous_20)
DA:6,1
DA:8,1
DA:24,1
DA:34,4
DA:35,4
DA:36,4
DA:38,4
DA:39,24
DA:40,24
DA:41,24
DA:42,24
DA:43,24
DA:44,24
DA:45,24
DA:47,24
DA:50,24
DA:75,4
DA:76,4
DA:77,4
DA:78,4
DA:80,4
DA:81,4
DA:83,4
DA:99,4
DA:100,4
DA:101,4
DA:102,4
DA:104,4
DA:105,4
DA:107,4
DA:130,4
DA:131,4
DA:132,4
DA:133,2
DA:134,2
DA:136,4
DA:137,4
DA:139,4
DA:157,16
DA:158,16
DA:173,7
DA:175,7
DA:176,7
DA:177,7
DA:178,7
DA:179,7
DA:181,7
DA:182,7
DA:183,7
DA:184,7
DA:185,7
DA:186,7
DA:188,7
DA:194,7
DA:195,2
DA:197,7
DA:198,7
DA:199,7
DA:203,7
DA:204,7
DA:205,7
DA:207,7
DA:209,5
DA:213,7
DA:214,4
DA:215,4
DA:216,4
DA:217,4
DA:218,4
DA:222,7
DA:223,5
DA:224,16
DA:225,5
DA:230,7
LF:74
LH:74
BRDA:43,0,0,0
BRDA:43,0,1,24
BRDA:45,1,0,24
BRDA:45,1,1,24
BRDA:77,2,0,4
BRDA:77,2,1,0
BRDA:78,3,0,4
BRDA:78,3,1,4
BRDA:101,4,0,4
BRDA:101,4,1,0
BRDA:102,5,0,4
BRDA:102,5,1,4
BRDA:104,6,0,2
BRDA:104,6,1,0
BRDA:105,7,0,2
BRDA:105,7,1,0
BRDA:131,8,0,2
BRDA:131,8,1,0
BRDA:133,9,0,2
BRDA:133,9,1,0
BRDA:134,10,0,2
BRDA:134,10,1,0
BRDA:181,11,0,7
BRDA:181,11,1,0
BRDA:182,12,0,7
BRDA:182,12,1,0
BRDA:183,13,0,7
BRDA:183,13,1,0
BRDA:184,14,0,7
BRDA:184,14,1,0
BRDA:194,15,0,1
BRDA:194,15,1,6
BRDA:195,16,0,2
BRDA:195,16,1,0
BRDA:195,17,0,0
BRDA:195,17,1,2
BRDA:197,18,0,7
BRDA:197,18,1,0
BRDA:198,19,0,7
BRDA:198,19,1,0
BRDA:199,20,0,2
BRDA:199,20,1,5
BRDA:201,21,0,5
BRDA:201,21,1,1
BRDA:201,21,2,1
BRDA:207,22,0,2
BRDA:207,22,1,5
BRDA:209,23,0,1
BRDA:209,23,1,4
BRDA:214,24,0,4
BRDA:214,24,1,0
BRDA:215,25,0,4
BRDA:215,25,1,0
BRDA:216,26,0,4
BRDA:216,26,1,0
BRDA:217,27,0,4
BRDA:217,27,1,0
BRDA:218,28,0,4
BRDA:218,28,1,0
BRDA:232,29,0,7
BRDA:232,29,1,2
BRDA:232,29,2,1
BRDA:232,29,3,1
BRDA:237,30,0,1
BRDA:237,30,1,1
BRDA:242,31,0,1
BRDA:242,31,1,0
BRDA:247,32,0,2
BRDA:247,32,1,5
BRDA:252,33,0,1
BRDA:252,33,1,1
BRDA:262,34,0,1
BRDA:262,34,1,4
BRDA:269,35,0,5
BRDA:269,35,1,4
BRDA:273,36,0,1
BRDA:273,36,1,3
BRDA:274,37,0,1
BRDA:274,37,1,3
BRDA:284,38,0,1
BRDA:284,38,1,3
BRDA:293,39,0,1
BRDA:293,39,1,3
BRDA:294,40,0,1
BRDA:294,40,1,3
BRF:85
BRH:63
end_of_record
TN:
SF:src/modules/commercant/pages/pdv-request/CommercantPdvRequestPage.tsx
FN:28,formatDossierStatusLabel
FN:53,resolveQrSoftposOptions
FN:54,(anonymous_2)
FN:55,(anonymous_3)
FN:58,createForm
FN:62,extractError
FN:67,CommercantPdvRequestPage
FN:80,(anonymous_7)
FN:86,(anonymous_8)
FN:104,(anonymous_9)
FN:115,(anonymous_10)
FN:119,handleViewExtensionContract
FN:130,handleDownloadExtensionContract
FN:139,handleVerifyExtensionSignature
FN:152,handleUploadExtensionContract
FN:176,(anonymous_15)
FN:177,(anonymous_16)
FN:178,(anonymous_17)
FN:184,firstMissing
FN:194,(anonymous_19)
FN:205,setField
FN:206,(anonymous_21)
FN:218,(anonymous_22)
FN:240,handleSubmit
FN:255,(anonymous_24)
FN:259,(anonymous_25)
FN:259,(anonymous_26)
FN:268,setPosition
FN:269,(anonymous_28)
FN:272,req
FN:285,(anonymous_30)
FN:328,(anonymous_31)
FN:336,(anonymous_32)
FN:362,(anonymous_33)
FN:362,(anonymous_34)
FN:365,(anonymous_35)
FN:377,(anonymous_36)
FN:381,(anonymous_37)
FN:383,(anonymous_38)
FN:388,(anonymous_39)
FN:392,(anonymous_40)
FN:401,(anonymous_41)
FN:405,(anonymous_42)
FN:409,(anonymous_43)
FN:436,(anonymous_44)
FN:441,(anonymous_45)
FN:453,(anonymous_46)
FN:457,(anonymous_47)
FN:459,(anonymous_48)
FN:464,(anonymous_49)
FN:466,(anonymous_50)
FN:476,(anonymous_51)
FN:478,(anonymous_52)
FN:483,(anonymous_53)
FN:539,(anonymous_54)
FN:552,(anonymous_55)
FN:585,(anonymous_56)
FN:585,(anonymous_57)
FNF:58
FNH:42
FNDA:29,formatDossierStatusLabel
FNDA:0,resolveQrSoftposOptions
FNDA:0,(anonymous_2)
FNDA:0,(anonymous_3)
FNDA:18,createForm
FNDA:0,extractError
FNDA:68,CommercantPdvRequestPage
FNDA:16,(anonymous_7)
FNDA:34,(anonymous_8)
FNDA:19,(anonymous_9)
FNDA:16,(anonymous_10)
FNDA:2,handleViewExtensionContract
FNDA:2,handleDownloadExtensionContract
FNDA:1,handleVerifyExtensionSignature
FNDA:2,handleUploadExtensionContract
FNDA:16,(anonymous_15)
FNDA:16,(anonymous_16)
FNDA:16,(anonymous_17)
FNDA:68,firstMissing
FNDA:9,(anonymous_19)
FNDA:9,setField
FNDA:9,(anonymous_21)
FNDA:0,(anonymous_22)
FNDA:3,handleSubmit
FNDA:1,(anonymous_24)
FNDA:2,(anonymous_25)
FNDA:2,(anonymous_26)
FNDA:0,setPosition
FNDA:0,(anonymous_28)
FNDA:376,req
FNDA:34,(anonymous_30)
FNDA:0,(anonymous_31)
FNDA:1,(anonymous_32)
FNDA:1,(anonymous_33)
FNDA:1,(anonymous_34)
FNDA:7,(anonymous_35)
FNDA:1,(anonymous_36)
FNDA:1,(anonymous_37)
FNDA:2494,(anonymous_38)
FNDA:1,(anonymous_39)
FNDA:1,(anonymous_40)
FNDA:0,(anonymous_41)
FNDA:0,(anonymous_42)
FNDA:0,(anonymous_43)
FNDA:130,(anonymous_44)
FNDA:0,(anonymous_45)
FNDA:1,(anonymous_46)
FNDA:2,(anonymous_47)
FNDA:195,(anonymous_48)
FNDA:2,(anonymous_49)
FNDA:325,(anonymous_50)
FNDA:0,(anonymous_51)
FNDA:0,(anonymous_52)
FNDA:0,(anonymous_53)
FNDA:0,(anonymous_54)
FNDA:3,(anonymous_55)
FNDA:11,(anonymous_56)
FNDA:17,(anonymous_57)
DA:24,1
DA:29,29
DA:36,29
DA:39,1
DA:45,1
DA:46,1
DA:47,1
DA:48,1
DA:49,1
DA:50,1
DA:54,0
DA:55,0
DA:56,0
DA:59,18
DA:63,0
DA:64,0
DA:68,68
DA:69,68
DA:76,68
DA:77,68
DA:78,68
DA:80,68
DA:81,68
DA:85,68
DA:86,68
DA:87,34
DA:95,68
DA:96,68
DA:97,68
DA:98,68
DA:99,68
DA:100,68
DA:101,68
DA:102,68
DA:104,68
DA:105,19
DA:106,19
DA:107,10
DA:111,9
DA:115,68
DA:117,68
DA:120,2
DA:121,2
DA:122,2
DA:123,1
DA:125,1
DA:126,1
DA:131,2
DA:132,2
DA:133,1
DA:135,1
DA:140,1
DA:141,1
DA:142,1
DA:143,1
DA:144,0
DA:146,1
DA:148,1
DA:153,2
DA:154,2
DA:155,2
DA:156,2
DA:157,1
DA:158,2
DA:159,2
DA:161,1
DA:162,1
DA:164,2
DA:167,68
DA:168,68
DA:169,68
DA:170,68
DA:172,68
DA:173,68
DA:174,68
DA:176,68
DA:177,16
DA:178,16
DA:185,68
DA:186,7
DA:188,61
DA:189,8
DA:190,4
DA:191,4
DA:193,9
DA:194,9
DA:195,9
DA:196,9
DA:197,6
DA:198,4
DA:199,4
DA:200,4
DA:203,68
DA:206,9
DA:207,9
DA:208,1
DA:209,1
DA:210,1
DA:212,8
DA:213,0
DA:214,0
DA:215,0
DA:217,8
DA:218,0
DA:219,0
DA:221,0
DA:223,8
DA:224,0
DA:241,3
DA:242,3
DA:243,3
DA:244,3
DA:245,3
DA:246,2
DA:250,2
DA:251,3
DA:252,3
DA:253,2
DA:254,2
DA:255,1
DA:257,3
DA:258,3
DA:259,3
DA:260,3
DA:261,3
DA:262,3
DA:263,3
DA:264,0
DA:265,2
DA:269,0
DA:273,376
DA:274,22
DA:275,22
DA:276,21
DA:277,12
DA:278,8
DA:279,4
DA:280,0
DA:281,0
DA:282,0
DA:285,68
DA:287,68
DA:328,0
DA:336,1
DA:362,1
DA:366,7
DA:377,1
DA:381,1
DA:383,2494
DA:388,1
DA:392,1
DA:401,0
DA:405,0
DA:409,0
DA:437,130
DA:441,0
DA:453,1
DA:457,2
DA:459,195
DA:464,2
DA:466,325
DA:476,0
DA:478,0
DA:483,0
DA:539,0
DA:552,3
DA:585,11
DA:586,17
LF:168
LH:141
BRDA:36,0,0,29
BRDA:36,0,1,0
BRDA:54,1,0,0
BRDA:54,1,1,0
BRDA:55,2,0,0
BRDA:55,2,1,0
BRDA:64,3,0,0
BRDA:64,3,1,0
BRDA:64,3,2,0
BRDA:86,4,0,68
BRDA:86,4,1,0
BRDA:87,5,0,34
BRDA:87,5,1,0
BRDA:107,6,0,9
BRDA:107,6,1,1
BRDA:133,7,0,1
BRDA:133,7,1,0
BRDA:140,8,0,0
BRDA:140,8,1,1
BRDA:153,9,0,0
BRDA:153,9,1,2
BRDA:157,10,0,1
BRDA:157,10,1,0
BRDA:162,11,0,1
BRDA:162,11,1,0
BRDA:178,12,0,16
BRDA:178,12,1,0
BRDA:185,13,0,7
BRDA:185,13,1,61
BRDA:186,14,0,2
BRDA:186,14,1,5
BRDA:188,15,0,53
BRDA:188,15,1,8
BRDA:189,16,0,4
BRDA:189,16,1,4
BRDA:190,17,0,0
BRDA:190,17,1,4
BRDA:191,18,0,0
BRDA:191,18,1,4
BRDA:193,19,0,0
BRDA:193,19,1,9
BRDA:194,20,0,0
BRDA:194,20,1,9
BRDA:195,21,0,0
BRDA:195,21,1,9
BRDA:195,22,0,9
BRDA:195,22,1,9
BRDA:196,23,0,3
BRDA:196,23,1,6
BRDA:196,24,0,9
BRDA:196,24,1,9
BRDA:197,25,0,2
BRDA:197,25,1,4
BRDA:197,26,0,6
BRDA:197,26,1,6
BRDA:198,27,0,0
BRDA:198,27,1,4
BRDA:198,28,0,4
BRDA:198,28,1,0
BRDA:199,29,0,0
BRDA:199,29,1,4
BRDA:199,30,0,4
BRDA:199,30,1,0
BRDA:207,31,0,1
BRDA:207,31,1,8
BRDA:209,32,0,0
BRDA:209,32,1,1
BRDA:212,33,0,0
BRDA:212,33,1,8
BRDA:214,34,0,0
BRDA:214,34,1,0
BRDA:217,35,0,0
BRDA:217,35,1,8
BRDA:221,36,0,0
BRDA:221,36,1,0
BRDA:223,37,0,8
BRDA:223,37,1,0
BRDA:227,38,0,0
BRDA:227,38,1,0
BRDA:227,39,0,0
BRDA:227,39,1,0
BRDA:244,40,0,0
BRDA:244,40,1,3
BRDA:245,41,0,1
BRDA:245,41,1,2
BRDA:250,42,0,1
BRDA:250,42,1,1
BRDA:254,43,0,1
BRDA:254,43,1,1
BRDA:257,44,0,3
BRDA:257,44,1,1
BRDA:258,45,0,3
BRDA:258,45,1,1
BRDA:259,46,0,2
BRDA:259,46,1,0
BRDA:273,47,0,354
BRDA:273,47,1,22
BRDA:274,48,0,0
BRDA:274,48,1,22
BRDA:274,49,0,22
BRDA:274,49,1,4
BRDA:275,50,0,1
BRDA:275,50,1,21
BRDA:275,51,0,22
BRDA:275,51,1,4
BRDA:276,52,0,9
BRDA:276,52,1,12
[...]
BRDA:421,78,0,74
BRDA:421,78,1,74
BRDA:421,78,2,14
BRDA:421,78,3,2
BRDA:425,79,0,74
BRDA:425,79,1,74
BRDA:425,79,2,60
BRDA:425,79,3,13
BRDA:429,80,0,74
BRDA:429,80,1,47
BRDA:445,81,0,80
BRDA:445,81,1,0
BRDA:446,82,0,80
BRDA:446,82,1,0
BRDA:447,83,0,80
BRDA:447,83,1,0
BRDA:448,84,0,80
BRDA:448,84,1,0
BRDA:451,85,0,80
BRDA:451,85,1,0
BRDA:452,86,0,80
BRDA:452,86,1,0
BRDA:454,87,0,37
BRDA:454,87,1,43
BRDA:463,88,0,2
BRDA:463,88,1,35
BRDA:482,89,0,47
BRDA:482,89,1,94
BRDA:484,90,0,1
BRDA:484,90,1,0
BRF:192
BRH:122
end_of_record
TN:
SF:src/modules/supervisor/services/supervisorApi.ts
FN:444,getNotifications
FN:449,markAllNotificationsAsRead
FN:454,getOverview
FN:479,getCommercantTransactions
FN:486,downloadCommercantTicket
FN:543,getRiskOverview
FN:548,getPdvMap
FN:553,regeocoderPdvs
FN:558,createBackOffice
FN:566,createCommerciale
FN:573,changePassword
FN:580,deactivateBackOffice
FN:585,sendBackOfficeActivation
FN:590,deactivateCommerciale
FN:595,sendCommercialeActivation
FN:600,deactivateCommercant
FN:605,sendCommercantActivation
FN:610,resilierCommercant
FN:618,getTpeStock
FN:623,getEligibleTpes
FN:630,activateTpe
FN:635,deactivateTpe
FN:640,assignTpeToCommercant
FN:651,assignEcommerceSiteToCommercant
FN:660,assignAffiliationToCommerciale
FN:669,getAffiliationRequests
FN:674,getCommercialInteractions
FN:683,addCommercialInteraction
FN:694,getGoogleCalendarStatus
FN:699,beginGoogleCalendarAuthorization
FN:707,completeGoogleCalendarAuthorization
FN:718,getMicrosoftCalendarStatus
FN:723,beginMicrosoftCalendarAuthorization
FN:731,completeMicrosoftCalendarAuthorization
FN:742,buildCommercialDraftBody
FN:746,(anonymous_35)
FN:754,(anonymous_36)
FN:760,createCommercialDraft
FN:771,saveCommercialDraft
FN:783,completeAffiliationRequest
FN:794,reviewAffiliationRequest
FN:801,abandonAffiliationRequest
FN:808,forwardAffiliationToBackOffice
FN:813,downloadAffiliationDocument
FN:818,downloadGeneratedContract
FN:823,downloadCommercialReport
FN:828,downloadSignedContract
FN:833,downloadFullDossier
FNF:48
FNH:37
FNDA:1,getNotifications
FNDA:1,markAllNotificationsAsRead
FNDA:1,getOverview
FNDA:0,getCommercantTransactions
FNDA:0,downloadCommercantTicket
FNDA:0,getRiskOverview
FNDA:1,getPdvMap
FNDA:1,regeocoderPdvs
FNDA:1,createBackOffice
FNDA:1,createCommerciale
FNDA:1,changePassword
FNDA:1,deactivateBackOffice
FNDA:1,sendBackOfficeActivation
FNDA:1,deactivateCommerciale
FNDA:1,sendCommercialeActivation
FNDA:1,deactivateCommercant
FNDA:1,sendCommercantActivation
FNDA:0,resilierCommercant
FNDA:1,getTpeStock
FNDA:1,getEligibleTpes
FNDA:1,activateTpe
FNDA:1,deactivateTpe
FNDA:1,assignTpeToCommercant
FNDA:1,assignEcommerceSiteToCommercant
FNDA:1,assignAffiliationToCommerciale
FNDA:1,getAffiliationRequests
FNDA:1,getCommercialInteractions
FNDA:1,addCommercialInteraction
FNDA:0,getGoogleCalendarStatus
FNDA:0,beginGoogleCalendarAuthorization
FNDA:0,completeGoogleCalendarAuthorization
FNDA:0,getMicrosoftCalendarStatus
FNDA:0,beginMicrosoftCalendarAuthorization
FNDA:0,completeMicrosoftCalendarAuthorization
FNDA:3,buildCommercialDraftBody
FNDA:1,(anonymous_35)
FNDA:1,(anonymous_36)
FNDA:2,createCommercialDraft
FNDA:1,saveCommercialDraft
FNDA:1,completeAffiliationRequest
FNDA:1,reviewAffiliationRequest
FNDA:0,abandonAffiliationRequest
FNDA:1,forwardAffiliationToBackOffice
FNDA:1,downloadAffiliationDocument
FNDA:1,downloadGeneratedContract
FNDA:1,downloadCommercialReport
FNDA:1,downloadSignedContract
FNDA:1,downloadFullDossier
DA:420,1
DA:421,1
DA:422,1
DA:423,1
DA:424,1
DA:445,1
DA:446,1
DA:450,1
DA:451,1
DA:455,1
DA:456,1
DA:480,0
DA:483,0
DA:487,0
DA:491,0
DA:544,0
DA:545,0
DA:549,1
DA:550,1
DA:554,1
DA:555,1
DA:562,1
DA:563,1
DA:569,1
DA:570,1
DA:576,1
DA:577,1
DA:581,1
DA:582,1
DA:586,1
DA:587,1
DA:591,1
DA:592,1
DA:596,1
DA:597,1
DA:601,1
DA:602,1
DA:606,1
DA:607,1
DA:611,0
DA:615,0
DA:619,1
DA:620,1
DA:624,1
DA:627,1
DA:631,1
DA:632,1
DA:636,1
DA:637,1
DA:643,1
DA:644,1
DA:654,1
DA:657,1
DA:663,1
DA:666,1
DA:670,1
DA:671,1
DA:677,1
DA:680,1
DA:687,1
DA:691,1
DA:695,0
DA:696,0
DA:700,0
DA:704,0
DA:711,0
DA:715,0
DA:719,0
DA:720,0
DA:724,0
DA:728,0
DA:735,0
DA:739,0
DA:746,3
DA:747,1
DA:749,3
DA:750,2
DA:752,1
DA:753,1
DA:754,1
DA:755,1
DA:757,1
DA:764,2
DA:768,2
DA:776,1
DA:780,1
DA:786,1
DA:791,1
DA:797,1
DA:798,1
DA:804,0
DA:805,0
DA:809,1
DA:810,1
DA:814,1
DA:815,1
DA:819,1
DA:820,1
DA:824,1
DA:825,1
DA:829,1
DA:830,1
DA:834,1
DA:835,1
LF:104
LH:82
BRDA:613,0,0,0
BRDA:613,0,1,0
BRDA:744,1,0,3
BRDA:749,2,0,2
BRDA:749,2,1,1
BRDA:762,3,0,2
BRDA:774,4,0,1
BRF:7
BRH:5
end_of_record
TN:
SF:src/modules/supervisor/services/supervisorUiUtils.ts
FN:31,getAffiliationStatusLabel
FN:62,getAffiliationStatusTone
FN:77,getAffiliationProductLabel
FN:93,firstMeaningful
FN:108,createAffiliationActivationPayload
FN:162,createAffiliationActivationPayloadFromRequest
FN:227,extractApiErrorMessage
FN:249,isMeaningfulValue
FNF:8
FNH:8
FNDA:291,getAffiliationStatusLabel
FNDA:153,getAffiliationStatusTone
FNDA:118,getAffiliationProductLabel
FNDA:3287,firstMeaningful
FNDA:214,createAffiliationActivationPayload
FNDA:47,createAffiliationActivationPayloadFromRequest
FNDA:12,extractApiErrorMessage
FNDA:3600,isMeaningfulValue
DA:12,19
DA:23,19
DA:32,291
DA:33,1
DA:36,290
DA:37,42
DA:40,248
DA:41,20
DA:44,228
DA:45,8
DA:48,220
DA:50,113
DA:52,0
DA:54,8
DA:56,1
DA:58,98
DA:63,153
DA:65,87
DA:67,2
DA:69,5
DA:71,19
DA:73,40
DA:78,118
DA:79,6
DA:86,112
DA:87,5
DA:90,107
DA:96,3287
DA:97,3415
DA:98,3227
DA:100,188
DA:101,188
DA:102,101
DA:105,3186
DA:109,214
DA:165,47
DA:228,12
DA:229,12
DA:231,12
DA:232,1
DA:235,11
DA:236,1
DA:237,1
DA:238,1
DA:242,10
DA:243,4
DA:246,6
DA:250,3600
DA:251,3600
LF:49
LH:48
BRDA:32,0,0,1
BRDA:32,0,1,290
BRDA:36,1,0,42
BRDA:36,1,1,248
BRDA:40,2,0,20
BRDA:40,2,1,228
BRDA:44,3,0,8
BRDA:44,3,1,220
BRDA:48,4,0,113
BRDA:48,4,1,0
BRDA:48,4,2,8
BRDA:48,4,3,1
BRDA:48,4,4,98
BRDA:63,5,0,87
BRDA:63,5,1,2
BRDA:63,5,2,5
BRDA:63,5,3,19
BRDA:63,5,4,40
BRDA:78,6,0,6
BRDA:78,6,1,112
BRDA:86,7,0,5
BRDA:86,7,1,107
BRDA:97,8,0,3227
BRDA:97,8,1,188
BRDA:97,9,0,3415
BRDA:97,9,1,3413
BRDA:101,10,0,101
BRDA:101,10,1,87
BRDA:166,11,0,47
BRDA:166,11,1,47
BRDA:166,11,2,47
BRDA:167,12,0,47
BRDA:167,12,1,47
BRDA:168,13,0,47
BRDA:168,13,1,46
BRDA:169,14,0,47
BRDA:169,14,1,47
BRDA:170,15,0,47
BRDA:170,15,1,47
BRDA:171,16,0,47
BRDA:171,16,1,47
BRDA:172,17,0,47
BRDA:172,17,1,47
BRDA:173,18,0,47
BRDA:173,18,1,47
BRDA:174,19,0,47
BRDA:174,19,1,47
BRDA:175,20,0,47
BRDA:175,20,1,47
BRDA:176,21,0,47
BRDA:176,21,1,47
BRDA:177,22,0,47
BRDA:177,22,1,47
BRDA:178,23,0,47
BRDA:178,23,1,47
BRDA:179,24,0,47
BRDA:179,24,1,47
BRDA:192,25,0,47
BRDA:192,25,1,46
BRDA:193,26,0,47
BRDA:193,26,1,47
BRDA:194,27,0,47
BRDA:194,27,1,47
BRDA:195,28,0,47
BRDA:195,28,1,47
BRDA:196,29,0,47
BRDA:196,29,1,47
BRDA:196,29,2,1
BRDA:197,30,0,47
BRDA:197,30,1,47
BRDA:198,31,0,47
BRDA:198,31,1,47
BRDA:199,32,0,47
BRDA:199,32,1,47
BRDA:200,33,0,47
BRDA:200,33,1,47
BRDA:200,33,2,1
BRDA:201,34,0,47
BRDA:201,34,1,47
BRDA:202,35,0,47
BRDA:202,35,1,47
BRDA:203,36,0,47
BRDA:203,36,1,47
BRDA:204,37,0,47
BRDA:204,37,1,47
BRDA:205,38,0,47
BRDA:205,38,1,47
BRDA:205,38,2,46
BRDA:206,39,0,47
BRDA:206,39,1,47
BRDA:206,39,2,47
BRDA:207,40,0,47
BRDA:207,40,1,47
BRDA:208,41,0,47
BRDA:208,41,1,47
BRDA:209,42,0,47
BRDA:209,42,1,47
BRDA:210,43,0,47
BRDA:210,43,1,47
BRDA:211,44,0,47
BRDA:211,44,1,47
BRDA:212,45,0,47
BRDA:212,45,1,47
BRDA:213,46,0,47
BRDA:213,46,1,47
BRDA:214,47,0,47
BRDA:214,47,1,47
BRDA:215,48,0,47
BRDA:215,48,1,47
BRDA:216,49,0,47
BRDA:216,49,1,47
BRDA:217,50,0,47
BRDA:217,50,1,47
BRDA:217,50,2,45
BRDA:218,51,0,47
BRDA:218,51,1,47
BRDA:231,52,0,1
BRDA:231,52,1,11
BRDA:231,53,0,12
BRDA:231,53,1,1
BRDA:235,54,0,1
BRDA:235,54,1,10
BRDA:235,55,0,11
BRDA:235,55,1,1
BRDA:237,56,0,1
BRDA:237,56,1,0
BRDA:237,57,0,1
BRDA:237,57,1,1
BRDA:242,58,0,4
BRDA:242,58,1,6
BRDA:242,59,0,10
BRDA:242,59,1,4
BRDA:251,60,0,3600
BRDA:251,60,1,3386
BRF:134
BRH:132
end_of_record
TN:
SF:src/modules/workspace/SubmitOverlay.tsx
FN:10,SubmitOverlay
FNF:1
FNH:1
FNDA:190,SubmitOverlay
DA:15,190
DA:17,14
LF:2
LH:2
BRDA:12,0,0,190
BRDA:13,1,0,190
BRDA:15,2,0,176
BRDA:15,2,1,14
BRF:4
BRH:4
end_of_record
TN:
SF:src/modules/workspace/WorkspaceDashboard.tsx
FN:24,clusterDrawerItems
FN:67,getNotificationIcon
FN:98,WorkspaceDashboard
FN:121,(anonymous_3)
FN:123,(anonymous_4)
FN:131,toggleGroup
FN:132,(anonymous_6)
FN:143,(anonymous_7)
FN:151,(anonymous_8)
FN:156,(anonymous_9)
FN:157,handleResize
FN:166,(anonymous_11)
FN:170,(anonymous_12)
FN:171,handleClick
FN:180,(anonymous_14)
FN:186,toggleDrawer
FN:188,(anonymous_16)
FN:190,(anonymous_17)
FN:194,closeMobileDrawer
FN:200,normalizeUrl
FN:204,isActiveDrawerItem
FN:215,(anonymous_21)
FN:225,handleNavSelection
FN:236,handleNotificationBtnClick
FN:245,handleLogout
FN:277,renderDrawerNavItem
FN:283,(anonymous_26)
FN:392,(anonymous_27)
FN:401,(anonymous_28)
FN:408,(anonymous_29)
FN:413,(anonymous_30)
FN:419,(anonymous_31)
FN:428,(anonymous_32)
FN:501,(anonymous_33)
FN:506,(anonymous_34)
FN:530,(anonymous_35)
FN:530,(anonymous_36)
FN:544,(anonymous_37)
FN:544,(anonymous_38)
FN:567,(anonymous_39)
FN:590,(anonymous_40)
FNF:41
FNH:32
FNDA:34,clusterDrawerItems
FNDA:1,getNotificationIcon
FNDA:36,WorkspaceDashboard
FNDA:20,(anonymous_3)
FNDA:20,(anonymous_4)
FNDA:2,toggleGroup
FNDA:2,(anonymous_6)
FNDA:20,(anonymous_7)
FNDA:21,(anonymous_8)
FNDA:20,(anonymous_9)
FNDA:0,handleResize
FNDA:20,(anonymous_11)
FNDA:20,(anonymous_12)
FNDA:0,handleClick
FNDA:20,(anonymous_14)
FNDA:3,toggleDrawer
FNDA:3,(anonymous_16)
FNDA:0,(anonymous_17)
FNDA:1,closeMobileDrawer
FNDA:246,normalizeUrl
FNDA:106,isActiveDrawerItem
FNDA:38,(anonymous_21)
FNDA:0,handleNavSelection
FNDA:3,handleNotificationBtnClick
FNDA:2,handleLogout
FNDA:106,renderDrawerNavItem
FNDA:0,(anonymous_26)
FNDA:42,(anonymous_27)
FNDA:2,(anonymous_28)
FNDA:12,(anonymous_29)
FNDA:94,(anonymous_30)
FNDA:0,(anonymous_31)
FNDA:0,(anonymous_32)
FNDA:1,(anonymous_33)
FNDA:0,(anonymous_34)
FNDA:1,(anonymous_35)
FNDA:1,(anonymous_36)
FNDA:2,(anonymous_37)
FNDA:2,(anonymous_38)
FNDA:0,(anonymous_39)
FNDA:1,(anonymous_40)
DA:25,34
DA:26,34
DA:27,106
DA:28,106
DA:29,106
DA:30,64
DA:32,42
DA:35,34
DA:54,1
DA:68,1
DA:117,36
DA:118,36
DA:119,36
DA:121,36
DA:122,36
DA:123,36
DA:124,36
DA:125,36
DA:126,36
DA:129,36
DA:132,2
DA:133,2
DA:134,2
DA:135,1
DA:137,1
DA:139,2
DA:143,36
DA:144,20
DA:145,20
DA:148,36
DA:149,36
DA:151,36
DA:152,21
DA:153,21
DA:156,36
DA:158,0
DA:159,0
DA:160,0
DA:161,0
DA:162,0
DA:165,20
DA:166,20
DA:170,36
DA:172,0
DA:173,0
DA:175,0
DA:176,0
DA:179,20
DA:180,20
DA:183,36
DA:184,36
DA:187,3
DA:188,3
DA:190,0
DA:195,1
DA:196,1
DA:201,246
DA:205,106
DA:206,106
DA:208,106
DA:209,76
DA:215,30
DA:216,38
DA:218,30
DA:219,27
DA:222,3
DA:226,0
DA:227,0
DA:229,0
DA:230,0
DA:232,0
DA:233,0
DA:237,3
DA:238,3
DA:239,3
DA:240,3
DA:241,1
DA:246,2
DA:247,2
DA:248,2
DA:252,2
DA:253,2
DA:254,2
DA:258,36
DA:259,36
DA:260,36
DA:262,36
DA:264,36
DA:270,36
DA:278,106
DA:283,0
DA:301,36
DA:302,1
DA:313,35
DA:314,1
DA:324,34
DA:393,42
DA:401,2
DA:408,12
DA:413,94
DA:419,0
DA:428,0
DA:502,1
DA:506,0
DA:530,1
DA:544,2
DA:567,0
DA:591,1
LF:108
LH:87
BRDA:27,0,0,106
BRDA:27,0,1,94
BRDA:29,1,0,64
BRDA:29,1,1,42
BRDA:29,2,0,106
BRDA:29,2,1,72
BRDA:68,3,0,1
BRDA:68,3,1,0
BRDA:68,3,2,1
BRDA:100,4,0,36
BRDA:102,5,0,36
BRDA:103,6,0,36
BRDA:104,7,0,36
BRDA:105,8,0,36
BRDA:106,9,0,36
BRDA:107,10,0,36
BRDA:108,11,0,36
BRDA:109,12,0,36
BRDA:110,13,0,36
BRDA:111,14,0,36
BRDA:112,15,0,36
BRDA:134,16,0,1
BRDA:134,16,1,1
BRDA:145,17,0,0
BRDA:145,17,1,20
BRDA:160,18,0,0
BRDA:160,18,1,0
BRDA:172,19,0,0
BRDA:172,19,1,0
BRDA:172,20,0,0
BRDA:172,20,1,0
BRDA:175,21,0,0
BRDA:175,21,1,0
BRDA:175,22,0,0
BRDA:175,22,1,0
BRDA:183,23,0,36
BRDA:183,23,1,0
BRDA:187,24,0,3
BRDA:187,24,1,0
BRDA:195,25,0,1
BRDA:195,25,1,0
BRDA:201,26,0,246
BRDA:201,26,1,0
BRDA:205,27,0,106
BRDA:205,27,1,106
BRDA:208,28,0,76
BRDA:208,28,1,30
BRDA:216,29,0,38
BRDA:216,29,1,34
BRDA:216,29,2,34
BRDA:218,30,0,27
BRDA:218,30,1,3
BRDA:222,31,0,3
BRDA:222,31,1,3
BRDA:226,32,0,0
BRDA:226,32,1,0
BRDA:226,33,0,0
BRDA:226,33,1,0
BRDA:229,34,0,0
BRDA:229,34,1,0
BRDA:240,35,0,1
BRDA:240,35,1,2
BRDA:240,36,0,3
BRDA:240,36,1,3
BRDA:258,37,0,36
BRDA:258,37,1,4
BRDA:262,38,0,36
BRDA:262,38,1,0
BRDA:267,39,0,0
BRDA:267,39,1,36
BRDA:272,40,0,0
BRDA:272,40,1,36
BRDA:273,41,0,36
BRDA:273,41,1,0
BRDA:274,42,0,2
BRDA:274,42,1,34
BRDA:274,43,0,36
BRDA:274,43,1,36
BRDA:282,44,0,32
BRDA:282,44,1,74
BRDA:285,45,0,0
BRDA:285,45,1,106
BRDA:289,46,0,106
BRDA:289,46,1,106
BRDA:292,47,0,106
BRDA:292,47,1,106
BRDA:292,47,2,30
BRDA:301,48,0,1
BRDA:301,48,1,35
BRDA:301,49,0,36
BRDA:301,49,1,1
BRDA:313,50,0,1
BRDA:313,50,1,34
BRDA:313,51,0,35
BRDA:313,51,1,35
BRDA:313,51,2,3
BRDA:327,52,0,34
BRDA:327,52,1,34
BRDA:327,52,2,2
BRDA:345,53,0,36
BRDA:345,53,1,34
BRDA:351,54,0,0
BRDA:351,54,1,34
BRDA:357,55,0,0
BRDA:357,55,1,34
BRDA:371,56,0,34
BRDA:371,56,1,0
BRDA:387,57,0,36
BRDA:387,57,1,34
BRDA:391,58,0,34
BRDA:391,58,1,0
BRDA:393,59,0,8
BRDA:393,59,1,34
BRDA:396,60,0,1
BRDA:396,60,1,7
BRDA:423,61,0,36
BRDA:423,61,1,0
BRDA:426,62,0,0
BRDA:426,62,1,0
BRDA:435,63,0,36
BRDA:435,63,1,34
BRDA:450,64,0,36
BRDA:450,64,1,34
BRDA:456,65,0,36
BRDA:456,65,1,0
BRDA:456,65,2,0
BRDA:456,65,3,34
BRDA:463,66,0,36
BRDA:463,66,1,33
BRDA:475,67,0,36
BRDA:475,67,1,6
BRDA:484,68,0,6
BRDA:484,68,1,2
BRDA:489,69,0,6
BRDA:489,69,1,3
BRDA:493,70,0,1
BRDA:493,70,1,2
BRDA:495,71,0,2
BRDA:495,71,1,1
BRDA:505,72,0,1
BRDA:505,72,1,0
BRDA:515,73,0,1
BRDA:515,73,1,1
BRDA:530,74,0,1
BRDA:530,74,1,0
BRDA:531,75,0,1
BRDA:531,75,1,33
BRDA:532,76,0,1
BRDA:532,76,1,33
BRDA:534,77,0,1
BRDA:534,77,1,33
BRDA:555,78,0,36
BRDA:555,78,1,6
BRDA:579,79,0,4
BRDA:579,79,1,2
BRDA:588,80,0,36
BRDA:588,80,1,2
BRDA:588,80,2,1
BRDA:601,81,0,36
BRDA:601,81,1,0
BRDA:607,82,0,36
BRDA:607,82,1,0
BRF:162
BRH:122
end_of_record
TN:
SF:src/modules/workspace/workspaceUtils.ts
FN:4,formatEnumLabel
FN:9,(anonymous_1)
FN:12,getWorkspaceRoleLabel
FN:23,isSupervisorRole
FN:29,resolveAffiliationStatusKey
FN:59,isCommercialDirectRequest
FN:63,isNewPdvRequest
FN:67,isAutoAffiliationRequest
FN:79,needsManualAssignment
FN:94,getPendingAssignmentLabel
FN:107,normalizeRegionValue
FN:117,isSameRegionAsCommercial
FN:128,isHandledByCurrentBackOffice
FN:140,(anonymous_13)
FN:143,(anonymous_14)
FN:146,formatRelativeDate
FNF:16
FNH:16
FNDA:1415,formatEnumLabel
FNDA:832,(anonymous_1)
FNDA:59,getWorkspaceRoleLabel
FNDA:44,isSupervisorRole
FNDA:1137,resolveAffiliationStatusKey
FNDA:182,isCommercialDirectRequest
FNDA:154,isNewPdvRequest
FNDA:87,isAutoAffiliationRequest
FNDA:26,needsManualAssignment
FNDA:6,getPendingAssignmentLabel
FNDA:14,normalizeRegionValue
FNDA:7,isSameRegionAsCommercial
FNDA:30,isHandledByCurrentBackOffice
FNDA:8,(anonymous_13)
FNDA:2,(anonymous_14)
FNDA:11,formatRelativeDate
DA:5,1415
DA:6,562
DA:9,832
DA:13,59
DA:14,37
DA:15,10
DA:16,3
DA:17,1
DA:18,1
DA:19,7
DA:24,44
DA:30,1137
DA:36,778
DA:40,48
DA:44,16
DA:47,281
DA:53,9
DA:55,5
DA:60,182
DA:64,154
DA:68,87
DA:82,26
DA:83,19
DA:84,26
DA:87,26
DA:97,6
DA:98,6
DA:99,6
DA:102,6
DA:103,5
DA:104,4
DA:108,14
DA:121,7
DA:132,30
DA:133,17
DA:136,13
DA:137,30
DA:139,2
DA:140,8
DA:143,30
DA:147,11
DA:148,9
DA:149,9
DA:151,8
DA:152,8
DA:153,8
DA:154,8
DA:156,8
DA:157,7
DA:158,3
DA:159,1
LF:51
LH:51
BRDA:5,0,0,853
BRDA:5,0,1,562
BRDA:13,1,0,37
BRDA:13,1,1,10
BRDA:13,1,2,3
BRDA:13,1,3,1
BRDA:13,1,4,1
BRDA:13,1,5,7
BRDA:19,2,0,7
BRDA:19,2,1,6
BRDA:30,3,0,3
BRDA:30,3,1,69
BRDA:30,3,2,760
BRDA:30,3,3,761
BRDA:30,3,4,778
BRDA:30,3,5,44
BRDA:30,3,6,47
BRDA:30,3,7,48
BRDA:30,3,8,14
BRDA:30,3,9,15
BRDA:30,3,10,16
BRDA:30,3,11,164
BRDA:30,3,12,281
BRDA:30,3,13,9
BRDA:30,3,14,9
BRDA:30,3,15,5
BRDA:60,4,0,182
BRDA:60,4,1,143
BRDA:68,5,0,87
BRDA:68,5,1,72
BRDA:82,6,0,7
BRDA:82,6,1,19
BRDA:83,7,0,19
BRDA:83,7,1,15
BRDA:84,8,0,26
BRDA:84,8,1,15
BRDA:84,8,2,7
BRDA:87,9,0,26
BRDA:87,9,1,7
BRDA:97,10,0,0
BRDA:97,10,1,6
BRDA:98,11,0,6
BRDA:98,11,1,5
BRDA:99,12,0,6
BRDA:99,12,1,5
BRDA:99,12,2,2
BRDA:102,13,0,1
BRDA:102,13,1,5
BRDA:102,14,0,6
BRDA:102,14,1,5
BRDA:103,15,0,1
BRDA:103,15,1,4
BRDA:108,16,0,14
BRDA:108,16,1,2
BRDA:132,17,0,17
BRDA:132,17,1,13
BRDA:132,18,0,30
BRDA:132,18,1,17
BRDA:136,19,0,13
BRDA:136,19,1,8
BRDA:137,20,0,11
BRDA:137,20,1,19
BRDA:140,21,0,8
BRDA:140,21,1,4
BRDA:147,22,0,2
BRDA:147,22,1,9
BRDA:149,23,0,1
BRDA:149,23,1,8
BRDA:156,24,0,1
BRDA:156,24,1,7
BRDA:157,25,0,4
BRDA:157,25,1,3
BRDA:158,26,0,2
BRDA:158,26,1,1
BRDA:158,27,0,3
BRDA:158,27,1,3
BRF:76
BRH:75
end_of_record
TN:
SF:src/store/sessionStore.ts
FN:119,normalizeUserSessionResponse
FN:193,readStoredSession
FN:203,(anonymous_2)
FN:207,setSession
FN:241,clearSession
FN:251,getAccessToken
FN:255,getRefreshToken
FN:259,updateTokens
FN:270,isSupervisorWorkspaceSession
FN:275,resolveWorkspaceBaseRoute
FN:282,resolveDashboardRoute
FN:295,setActiveAffiliationProfile
FN:306,getSessionStore
FN:313,useEffectiveAffiliationType
FN:314,(anonymous_14)
FN:315,(anonymous_15)
FNF:16
FNH:16
FNDA:680,normalizeUserSessionResponse
FNDA:41,readStoredSession
FNDA:41,(anonymous_2)
FNDA:335,setSession
FNDA:369,clearSession
FNDA:351,getAccessToken
FNDA:338,getRefreshToken
FNDA:1,updateTokens
FNDA:8,isSupervisorWorkspaceSession
FNDA:4,resolveWorkspaceBaseRoute
FNDA:4,resolveDashboardRoute
FNDA:63,setActiveAffiliationProfile
FNDA:10,getSessionStore
FNDA:263,useEffectiveAffiliationType
FNDA:276,(anonymous_14)
FNDA:276,(anonymous_15)
DA:98,41
DA:105,41
DA:130,680
DA:131,680
DA:168,41
DA:169,41
DA:170,41
DA:171,41
DA:194,41
DA:195,41
DA:196,0
DA:197,0
DA:199,0
DA:203,41
DA:204,41
DA:208,335
DA:209,335
DA:210,335
DA:211,335
DA:212,335
DA:214,335
DA:227,335
DA:228,335
DA:229,335
DA:230,335
DA:231,335
DA:232,335
DA:234,335
DA:235,335
DA:236,335
DA:238,335
DA:242,369
DA:243,369
DA:244,369
DA:245,369
DA:246,369
DA:247,369
DA:248,369
DA:252,351
DA:256,338
DA:260,1
DA:261,1
DA:263,1
DA:264,1
DA:265,1
DA:266,1
DA:267,1
DA:271,8
DA:272,8
DA:276,4
DA:277,4
DA:278,3
DA:279,2
DA:283,4
DA:284,3
DA:287,1
DA:288,1
DA:289,1
DA:290,1
DA:296,63
DA:300,41
DA:307,10
DA:314,276
DA:315,276
DA:316,263
DA:317,242
DA:319,21
LF:67
LH:64
BRDA:130,0,0,680
BRDA:130,0,1,313
BRDA:134,1,0,680
BRDA:134,1,1,324
BRDA:135,2,0,680
BRDA:135,2,1,290
BRDA:136,3,0,680
BRDA:136,3,1,4
BRDA:137,4,0,680
BRDA:137,4,1,341
BRDA:138,5,0,680
BRDA:138,5,1,337
BRDA:140,6,0,680
BRDA:140,6,1,334
BRDA:140,7,0,330
BRDA:140,7,1,4
BRDA:141,8,0,680
BRDA:141,8,1,344
BRDA:142,9,0,680
BRDA:142,9,1,345
BRDA:143,10,0,680
BRDA:143,10,1,291
BRDA:144,11,0,680
BRDA:144,11,1,343
BRDA:145,12,0,680
BRDA:145,12,1,669
BRDA:146,13,0,680
BRDA:146,13,1,678
BRDA:147,14,0,680
BRDA:147,14,1,668
BRDA:147,15,0,10
BRDA:147,15,1,658
BRDA:148,16,0,680
BRDA:148,16,1,674
BRDA:149,17,0,680
BRDA:149,17,1,338
BRDA:150,18,0,680
BRDA:150,18,1,345
BRDA:153,19,0,680
BRDA:153,19,1,0
BRDA:153,19,2,0
BRDA:154,20,0,680
BRDA:154,20,1,0
BRDA:154,20,2,0
BRDA:155,21,0,680
BRDA:155,21,1,0
BRDA:155,21,2,0
BRDA:156,22,0,680
BRDA:156,22,1,0
BRDA:156,22,2,0
BRDA:158,23,0,337
BRDA:158,23,1,343
BRDA:159,24,0,351
BRDA:159,24,1,329
BRDA:160,25,0,348
BRDA:160,25,1,332
BRDA:161,26,0,350
BRDA:161,26,1,330
BRDA:162,27,0,680
BRDA:162,27,1,341
BRDA:163,28,0,680
BRDA:163,28,1,337
BRDA:164,29,0,680
BRDA:164,29,1,341
BRDA:195,30,0,41
BRDA:195,30,1,0
BRDA:211,31,0,335
BRDA:211,31,1,325
BRDA:212,32,0,335
BRDA:212,32,1,333
BRDA:215,33,0,11
BRDA:215,33,1,324
BRDA:217,34,0,11
BRDA:217,34,1,10
BRDA:221,35,0,11
BRDA:221,35,1,1
BRDA:221,35,2,0
BRDA:222,36,0,11
BRDA:222,36,1,8
BRDA:222,36,2,8
BRDA:235,37,0,11
BRDA:235,37,1,324
BRDA:236,38,0,2
BRDA:236,38,1,333
BRDA:252,39,0,351
BRDA:252,39,1,343
BRDA:256,40,0,338
BRDA:256,40,1,336
BRDA:261,41,0,1
BRDA:261,41,1,0
BRDA:264,42,0,0
BRDA:264,42,1,1
BRDA:271,43,0,8
BRDA:271,43,1,0
BRDA:272,44,0,8
BRDA:272,44,1,8
BRDA:276,45,0,4
BRDA:276,45,1,0
BRDA:277,46,0,1
BRDA:277,46,1,3
BRDA:278,47,0,1
BRDA:278,47,1,2
BRDA:283,48,0,3
BRDA:283,48,1,1
BRDA:288,49,0,0
BRDA:288,49,1,1
BRDA:289,50,0,0
BRDA:289,50,1,1
BRDA:316,51,0,242
BRDA:316,51,1,21
BRDA:317,52,0,242
BRDA:317,52,1,16
BRDA:319,53,0,13
BRDA:319,53,1,8
BRF:114
BRH:98
end_of_record
